<?xml version="1.0" encoding="UTF-8"?>
<testng-results skipped="0" failed="0" total="2" passed="2">
  <reporter-output>
  </reporter-output>
  <suite name="Default suite" duration-ms="2658" started-at="2018-09-24T11:19:13Z" finished-at="2018-09-24T11:19:16Z">
    <groups>
    </groups>
    <test name="Default test" duration-ms="2658" started-at="2018-09-24T11:19:13Z" finished-at="2018-09-24T11:19:16Z">
      <class name="GetRequest.GetData">
        <test-method status="PASS" signature="testResponseBody()[pri:0, instance:GetRequest.GetData@7f9a81e8]" name="testResponseBody" duration-ms="2028" started-at="2018-09-24T16:49:14Z" finished-at="2018-09-24T16:49:16Z">
          <reporter-output>
          </reporter-output>
        </test-method> <!-- testResponseBody -->
        <test-method status="PASS" signature="testResponseCode()[pri:0, instance:GetRequest.GetData@7f9a81e8]" name="testResponseCode" duration-ms="603" started-at="2018-09-24T16:49:16Z" finished-at="2018-09-24T16:49:16Z">
          <reporter-output>
          </reporter-output>
        </test-method> <!-- testResponseCode -->
      </class> <!-- GetRequest.GetData -->
    </test> <!-- Default test -->
  </suite> <!-- Default suite -->
</testng-results>
