<?xml version="1.0" encoding="UTF-8"?>
<!-- Generated by org.testng.reporters.JUnitReportReporter -->
<testsuite hostname="DEV_DEL_DEEPAK" name="NRDATestScript.WaterAndSeweage.WaterAndSewergeNewConnectionTest" tests="1" failures="0" timestamp="5 Sep 2017 13:16:23 GMT" time="122.921" errors="0">
  <testcase name="toVerifyWaterAndSewerageConnection25" time="122.921" classname="NRDATestScript.WaterAndSeweage.WaterAndSewergeNewConnectionTest"/>
</testsuite> <!-- NRDATestScript.WaterAndSeweage.WaterAndSewergeNewConnectionTest -->
