<?xml version="1.0" encoding="UTF-8"?>
<testng-results skipped="0" failed="1" ignored="72" total="81" passed="8">
  <reporter-output>
    <line>
      <![CDATA[Error Message:Enter valid address. It accepts only (#,.-/) special characters]]>
    </line>
    <line>
      <![CDATA[Applicant AddressProof Document Link Application of Water and Sewerage New connection link is Present]]>
    </line>
    <line>
      <![CDATA[Applicant AddressProof Document Link Application of Water and Sewerage New connection link is Present]]>
    </line>
    <line>
      <![CDATA[Error Message:Enter valid address. It accepts only (#,.-/) special characters]]>
    </line>
    <line>
      <![CDATA[Applicant AddressProof Document Link Application of Water and Sewerage New connection link is Present]]>
    </line>
    <line>
      <![CDATA[Applicant AddressProof Document Link Application of Water and Sewerage New connection link is Present]]>
    </line>
    <line>
      <![CDATA[<img src="file://C:\ILFS\NRDA\workspace\NRDA_FRAMEWORK\NRDA_PROJECT\Failure_ScreenShot\NRDA_ChangeOfUse_Citizen_SC_02_TC_08 Dec 22   12.28.52.png" alt=""/>]]>
    </line>
    <line>
      <![CDATA[Error Message:Enter valid address. It accepts only (#,.-/) special characters]]>
    </line>
    <line>
      <![CDATA[Applicant AddressProof Document Link Application of Water and Sewerage New connection link is Present]]>
    </line>
    <line>
      <![CDATA[Applicant AddressProof Document Link Application of Water and Sewerage New connection link is Present]]>
    </line>
  </reporter-output>
  <suite name="Suite" duration-ms="442584" started-at="2017-12-22T06:52:45Z" finished-at="2017-12-22T07:00:07Z">
    <groups>
    </groups>
    <test name="LOGIN AS CITIZEN TO VERIFY DASHBOARD" duration-ms="36349" started-at="2017-12-22T06:52:45Z" finished-at="2017-12-22T06:53:21Z">
      <class name="WaterAndSewerage_ChangeOfUse.NewConnection_ChangeOfUse_Citizen_Module">
        <test-method status="PASS" signature="openBrowser()[pri:0, instance:WaterAndSewerage_ChangeOfUse.NewConnection_ChangeOfUse_Citizen_Module@457e2f02]" name="openBrowser" is-config="true" duration-ms="9540" started-at="2017-12-22T12:22:46Z" finished-at="2017-12-22T12:22:55Z">
          <reporter-output>
          </reporter-output>
        </test-method> <!-- openBrowser -->
        <test-method status="PASS" signature="NRDA_ChangeOfUse_Citizen_SC_01_TC_01(java.lang.String, java.lang.String)[pri:0, instance:WaterAndSewerage_ChangeOfUse.NewConnection_ChangeOfUse_Citizen_Module@457e2f02]" name="NRDA_ChangeOfUse_Citizen_SC_01_TC_01" duration-ms="25568" started-at="2017-12-22T12:22:55Z" description="verify dashboard" data-provider="citizen" finished-at="2017-12-22T12:23:21Z">
          <params>
            <param index="0">
              <value>
                <![CDATA[mohan@gmail.com]]>
              </value>
            </param>
            <param index="1">
              <value>
                <![CDATA[Vijay@123]]>
              </value>
            </param>
          </params>
          <reporter-output>
          </reporter-output>
        </test-method> <!-- NRDA_ChangeOfUse_Citizen_SC_01_TC_01 -->
        <test-method status="PASS" signature="logoutWS()[pri:0, instance:WaterAndSewerage_ChangeOfUse.NewConnection_ChangeOfUse_Citizen_Module@457e2f02]" name="logoutWS" is-config="true" duration-ms="355" started-at="2017-12-22T12:23:21Z" finished-at="2017-12-22T12:23:21Z">
          <reporter-output>
          </reporter-output>
        </test-method> <!-- logoutWS -->
      </class> <!-- WaterAndSewerage_ChangeOfUse.NewConnection_ChangeOfUse_Citizen_Module -->
    </test> <!-- LOGIN AS CITIZEN TO VERIFY DASHBOARD -->
    <test name="LOGIN AS CITIZEN TO VERIFY CHANGE CONNECTION DASHBOARD" duration-ms="44155" started-at="2017-12-22T06:53:21Z" finished-at="2017-12-22T06:54:05Z">
      <class name="WaterAndSewerage_ChangeOfUse.NewConnection_ChangeOfUse_Citizen_Module">
        <test-method status="PASS" signature="openBrowser()[pri:0, instance:WaterAndSewerage_ChangeOfUse.NewConnection_ChangeOfUse_Citizen_Module@ae45eb6]" name="openBrowser" is-config="true" duration-ms="7578" started-at="2017-12-22T12:23:21Z" finished-at="2017-12-22T12:23:29Z">
          <reporter-output>
          </reporter-output>
        </test-method> <!-- openBrowser -->
        <test-method status="PASS" signature="NRDA_ChangeOfUse_Citizen_SC_02_TC_01(java.lang.String, java.lang.String)[pri:1, instance:WaterAndSewerage_ChangeOfUse.NewConnection_ChangeOfUse_Citizen_Module@ae45eb6]" name="NRDA_ChangeOfUse_Citizen_SC_02_TC_01" duration-ms="36067" started-at="2017-12-22T12:23:29Z" description="verify change connection details tab" data-provider="citizen" finished-at="2017-12-22T12:24:05Z">
          <params>
            <param index="0">
              <value>
                <![CDATA[mohan@gmail.com]]>
              </value>
            </param>
            <param index="1">
              <value>
                <![CDATA[Vijay@123]]>
              </value>
            </param>
          </params>
          <reporter-output>
          </reporter-output>
        </test-method> <!-- NRDA_ChangeOfUse_Citizen_SC_02_TC_01 -->
        <test-method status="PASS" signature="logoutWS()[pri:0, instance:WaterAndSewerage_ChangeOfUse.NewConnection_ChangeOfUse_Citizen_Module@ae45eb6]" name="logoutWS" is-config="true" duration-ms="289" started-at="2017-12-22T12:24:05Z" finished-at="2017-12-22T12:24:05Z">
          <reporter-output>
          </reporter-output>
        </test-method> <!-- logoutWS -->
      </class> <!-- WaterAndSewerage_ChangeOfUse.NewConnection_ChangeOfUse_Citizen_Module -->
    </test> <!-- LOGIN AS CITIZEN TO VERIFY CHANGE CONNECTION DASHBOARD -->
    <test name="LOGIN AS CITIZEN TO VERIFY CONNECTION DETAILS INPUT FIELD" duration-ms="44513" started-at="2017-12-22T06:54:05Z" finished-at="2017-12-22T06:54:50Z">
      <class name="WaterAndSewerage_ChangeOfUse.NewConnection_ChangeOfUse_Citizen_Module">
        <test-method status="PASS" signature="openBrowser()[pri:0, instance:WaterAndSewerage_ChangeOfUse.NewConnection_ChangeOfUse_Citizen_Module@66a3ffec]" name="openBrowser" is-config="true" duration-ms="7258" started-at="2017-12-22T12:24:05Z" finished-at="2017-12-22T12:24:13Z">
          <reporter-output>
          </reporter-output>
        </test-method> <!-- openBrowser -->
        <test-method status="PASS" signature="NRDA_ChangeOfUse_Citizen_SC_02_TC_02(java.lang.String, java.lang.String)[pri:2, instance:WaterAndSewerage_ChangeOfUse.NewConnection_ChangeOfUse_Citizen_Module@66a3ffec]" name="NRDA_ChangeOfUse_Citizen_SC_02_TC_02" duration-ms="34836" started-at="2017-12-22T12:24:13Z" description="verify connection details field" data-provider="citizen" finished-at="2017-12-22T12:24:48Z">
          <params>
            <param index="0">
              <value>
                <![CDATA[mohan@gmail.com]]>
              </value>
            </param>
            <param index="1">
              <value>
                <![CDATA[Vijay@123]]>
              </value>
            </param>
          </params>
          <reporter-output>
            <line>
              <![CDATA[Error Message:Enter valid address. It accepts only (#,.-/) special characters]]>
            </line>
          </reporter-output>
        </test-method> <!-- NRDA_ChangeOfUse_Citizen_SC_02_TC_02 -->
        <test-method status="PASS" signature="logoutWS()[pri:0, instance:WaterAndSewerage_ChangeOfUse.NewConnection_ChangeOfUse_Citizen_Module@66a3ffec]" name="logoutWS" is-config="true" duration-ms="2256" started-at="2017-12-22T12:24:48Z" finished-at="2017-12-22T12:24:50Z">
          <reporter-output>
          </reporter-output>
        </test-method> <!-- logoutWS -->
      </class> <!-- WaterAndSewerage_ChangeOfUse.NewConnection_ChangeOfUse_Citizen_Module -->
    </test> <!-- LOGIN AS CITIZEN TO VERIFY CONNECTION DETAILS INPUT FIELD -->
    <test name="LOGIN AS CITIZEN TO VERIFY COMPLETION CERTIFICATE DOCUMENTON" duration-ms="53769" started-at="2017-12-22T06:54:50Z" finished-at="2017-12-22T06:55:44Z">
      <class name="WaterAndSewerage_ChangeOfUse.NewConnection_ChangeOfUse_Citizen_Module">
        <test-method status="PASS" signature="openBrowser()[pri:0, instance:WaterAndSewerage_ChangeOfUse.NewConnection_ChangeOfUse_Citizen_Module@5e3a8624]" name="openBrowser" is-config="true" duration-ms="7328" started-at="2017-12-22T12:24:50Z" finished-at="2017-12-22T12:24:57Z">
          <reporter-output>
          </reporter-output>
        </test-method> <!-- openBrowser -->
        <test-method status="PASS" signature="NRDA_ChangeOfUse_Citizen_SC_02_TC_03(java.lang.String, java.lang.String)[pri:3, instance:WaterAndSewerage_ChangeOfUse.NewConnection_ChangeOfUse_Citizen_Module@5e3a8624]" name="NRDA_ChangeOfUse_Citizen_SC_02_TC_03" duration-ms="43833" started-at="2017-12-22T12:24:57Z" description="verify completetion certificate document" data-provider="citizen" finished-at="2017-12-22T12:25:41Z">
          <params>
            <param index="0">
              <value>
                <![CDATA[mohan@gmail.com]]>
              </value>
            </param>
            <param index="1">
              <value>
                <![CDATA[Vijay@123]]>
              </value>
            </param>
          </params>
          <reporter-output>
            <line>
              <![CDATA[Applicant AddressProof Document Link Application of Water and Sewerage New connection link is Present]]>
            </line>
          </reporter-output>
        </test-method> <!-- NRDA_ChangeOfUse_Citizen_SC_02_TC_03 -->
        <test-method status="PASS" signature="logoutWS()[pri:0, instance:WaterAndSewerage_ChangeOfUse.NewConnection_ChangeOfUse_Citizen_Module@5e3a8624]" name="logoutWS" is-config="true" duration-ms="2466" started-at="2017-12-22T12:25:41Z" finished-at="2017-12-22T12:25:44Z">
          <reporter-output>
          </reporter-output>
        </test-method> <!-- logoutWS -->
      </class> <!-- WaterAndSewerage_ChangeOfUse.NewConnection_ChangeOfUse_Citizen_Module -->
    </test> <!-- LOGIN AS CITIZEN TO VERIFY COMPLETION CERTIFICATE DOCUMENTON -->
    <test name="LOGIN AS CITIZEN TO VERIFY OTHER DOCUMENTON" duration-ms="52491" started-at="2017-12-22T06:55:44Z" finished-at="2017-12-22T06:56:36Z">
      <class name="WaterAndSewerage_ChangeOfUse.NewConnection_ChangeOfUse_Citizen_Module">
        <test-method status="PASS" signature="openBrowser()[pri:0, instance:WaterAndSewerage_ChangeOfUse.NewConnection_ChangeOfUse_Citizen_Module@6a41eaa2]" name="openBrowser" is-config="true" duration-ms="7588" started-at="2017-12-22T12:25:44Z" finished-at="2017-12-22T12:25:51Z">
          <reporter-output>
          </reporter-output>
        </test-method> <!-- openBrowser -->
        <test-method status="PASS" signature="NRDA_ChangeOfUse_Citizen_SC_02_TC_04(java.lang.String, java.lang.String)[pri:4, instance:WaterAndSewerage_ChangeOfUse.NewConnection_ChangeOfUse_Citizen_Module@6a41eaa2]" name="NRDA_ChangeOfUse_Citizen_SC_02_TC_04" duration-ms="44000" started-at="2017-12-22T12:25:51Z" description="verify other document" data-provider="citizen" finished-at="2017-12-22T12:26:35Z">
          <params>
            <param index="0">
              <value>
                <![CDATA[mohan@gmail.com]]>
              </value>
            </param>
            <param index="1">
              <value>
                <![CDATA[Vijay@123]]>
              </value>
            </param>
          </params>
          <reporter-output>
            <line>
              <![CDATA[Applicant AddressProof Document Link Application of Water and Sewerage New connection link is Present]]>
            </line>
          </reporter-output>
        </test-method> <!-- NRDA_ChangeOfUse_Citizen_SC_02_TC_04 -->
        <test-method status="PASS" signature="logoutWS()[pri:0, instance:WaterAndSewerage_ChangeOfUse.NewConnection_ChangeOfUse_Citizen_Module@6a41eaa2]" name="logoutWS" is-config="true" duration-ms="752" started-at="2017-12-22T12:26:35Z" finished-at="2017-12-22T12:26:36Z">
          <reporter-output>
          </reporter-output>
        </test-method> <!-- logoutWS -->
      </class> <!-- WaterAndSewerage_ChangeOfUse.NewConnection_ChangeOfUse_Citizen_Module -->
    </test> <!-- LOGIN AS CITIZEN TO VERIFY OTHER DOCUMENTON -->
    <test name="LOGIN AS CITIZEN TO VERIFY REMARKS INPUT FIELD" duration-ms="42811" started-at="2017-12-22T06:56:36Z" finished-at="2017-12-22T06:57:19Z">
      <class name="WaterAndSewerage_ChangeOfUse.NewConnection_ChangeOfUse_Citizen_Module">
        <test-method status="PASS" signature="openBrowser()[pri:0, instance:WaterAndSewerage_ChangeOfUse.NewConnection_ChangeOfUse_Citizen_Module@7d9d1a19]" name="openBrowser" is-config="true" duration-ms="8062" started-at="2017-12-22T12:26:36Z" finished-at="2017-12-22T12:26:44Z">
          <reporter-output>
          </reporter-output>
        </test-method> <!-- openBrowser -->
        <test-method status="PASS" signature="NRDA_ChangeOfUse_Citizen_SC_02_TC_05(java.lang.String, java.lang.String)[pri:5, instance:WaterAndSewerage_ChangeOfUse.NewConnection_ChangeOfUse_Citizen_Module@7d9d1a19]" name="NRDA_ChangeOfUse_Citizen_SC_02_TC_05" duration-ms="34354" started-at="2017-12-22T12:26:44Z" description="verify remarks" data-provider="citizen" finished-at="2017-12-22T12:27:19Z">
          <params>
            <param index="0">
              <value>
                <![CDATA[mohan@gmail.com]]>
              </value>
            </param>
            <param index="1">
              <value>
                <![CDATA[Vijay@123]]>
              </value>
            </param>
          </params>
          <reporter-output>
          </reporter-output>
        </test-method> <!-- NRDA_ChangeOfUse_Citizen_SC_02_TC_05 -->
        <test-method status="PASS" signature="logoutWS()[pri:0, instance:WaterAndSewerage_ChangeOfUse.NewConnection_ChangeOfUse_Citizen_Module@7d9d1a19]" name="logoutWS" is-config="true" duration-ms="284" started-at="2017-12-22T12:27:19Z" finished-at="2017-12-22T12:27:19Z">
          <reporter-output>
          </reporter-output>
        </test-method> <!-- logoutWS -->
      </class> <!-- WaterAndSewerage_ChangeOfUse.NewConnection_ChangeOfUse_Citizen_Module -->
    </test> <!-- LOGIN AS CITIZEN TO VERIFY REMARKS INPUT FIELD -->
    <test name="LOGIN AS CITIZEN TO VERIFY SAVE AS DRAFT" duration-ms="65931" started-at="2017-12-22T06:57:19Z" finished-at="2017-12-22T06:58:25Z">
      <class name="WaterAndSewerage_ChangeOfUse.NewConnection_ChangeOfUse_Citizen_Module">
        <test-method status="PASS" signature="openBrowser()[pri:0, instance:WaterAndSewerage_ChangeOfUse.NewConnection_ChangeOfUse_Citizen_Module@53b32d7]" name="openBrowser" is-config="true" duration-ms="7668" started-at="2017-12-22T12:27:19Z" finished-at="2017-12-22T12:27:27Z">
          <reporter-output>
          </reporter-output>
        </test-method> <!-- openBrowser -->
        <test-method status="PASS" signature="NRDA_ChangeOfUse_Citizen_SC_02_TC_06(java.lang.String, java.lang.String)[pri:6, instance:WaterAndSewerage_ChangeOfUse.NewConnection_ChangeOfUse_Citizen_Module@53b32d7]" name="NRDA_ChangeOfUse_Citizen_SC_02_TC_06" duration-ms="57847" started-at="2017-12-22T12:27:27Z" description="verify save as draft" data-provider="citizen" finished-at="2017-12-22T12:28:25Z">
          <params>
            <param index="0">
              <value>
                <![CDATA[mohan@gmail.com]]>
              </value>
            </param>
            <param index="1">
              <value>
                <![CDATA[Vijay@123]]>
              </value>
            </param>
          </params>
          <reporter-output>
            <line>
              <![CDATA[Error Message:Enter valid address. It accepts only (#,.-/) special characters]]>
            </line>
            <line>
              <![CDATA[Applicant AddressProof Document Link Application of Water and Sewerage New connection link is Present]]>
            </line>
            <line>
              <![CDATA[Applicant AddressProof Document Link Application of Water and Sewerage New connection link is Present]]>
            </line>
          </reporter-output>
        </test-method> <!-- NRDA_ChangeOfUse_Citizen_SC_02_TC_06 -->
        <test-method status="PASS" signature="logoutWS()[pri:0, instance:WaterAndSewerage_ChangeOfUse.NewConnection_ChangeOfUse_Citizen_Module@53b32d7]" name="logoutWS" is-config="true" duration-ms="312" started-at="2017-12-22T12:28:25Z" finished-at="2017-12-22T12:28:25Z">
          <reporter-output>
          </reporter-output>
        </test-method> <!-- logoutWS -->
      </class> <!-- WaterAndSewerage_ChangeOfUse.NewConnection_ChangeOfUse_Citizen_Module -->
    </test> <!-- LOGIN AS CITIZEN TO VERIFY SAVE AS DRAFT -->
    <test name="LOGIN AS CITIZEN TO VERIFY CLOSE" duration-ms="27465" started-at="2017-12-22T06:58:25Z" finished-at="2017-12-22T06:58:52Z">
      <class name="WaterAndSewerage_ChangeOfUse.NewConnection_ChangeOfUse_Citizen_Module">
        <test-method status="PASS" signature="openBrowser()[pri:0, instance:WaterAndSewerage_ChangeOfUse.NewConnection_ChangeOfUse_Citizen_Module@204f30ec]" name="openBrowser" is-config="true" duration-ms="8181" started-at="2017-12-22T12:28:25Z" finished-at="2017-12-22T12:28:33Z">
          <reporter-output>
          </reporter-output>
        </test-method> <!-- openBrowser -->
        <test-method status="FAIL" signature="NRDA_ChangeOfUse_Citizen_SC_02_TC_08(java.lang.String, java.lang.String)[pri:7, instance:WaterAndSewerage_ChangeOfUse.NewConnection_ChangeOfUse_Citizen_Module@204f30ec]" name="NRDA_ChangeOfUse_Citizen_SC_02_TC_08" duration-ms="18659" started-at="2017-12-22T12:28:33Z" description="verify save as draft" data-provider="citizen" finished-at="2017-12-22T12:28:52Z">
          <params>
            <param index="0">
              <value>
                <![CDATA[mohan@gmail.com]]>
              </value>
            </param>
            <param index="1">
              <value>
                <![CDATA[Vijay@123]]>
              </value>
            </param>
          </params>
          <exception class="org.openqa.selenium.WebDriverException">
            <message>
              <![CDATA[unknown error: Element <span class="ui-button-text ui-c" style="color: blue; border: 2px solid Magenta;">...</span> is not clickable at point (995, 487). Other element would receive the click: <div style="width: 100%; height: 100%; position: fixed; top: 0px; left: 0px; z-index: 2000000000; background-color: #fff; opacity: 0.05;  filter: alpha(opacity=5)"></div>
  (Session info: chrome=63.0.3239.84)
  (Driver info: chromedriver=2.33.506120 (e3e53437346286c0bc2d2dc9aa4915ba81d9023f),platform=Windows NT 10.0.10240 x86_64) (WARNING: The server did not provide any stacktrace information)
Command duration or timeout: 0 milliseconds
Build info: version: '3.7.1', revision: '8a0099a', time: '2017-11-06T21:01:39.354Z'
System info: host: 'DEV_DEL_DEEPAK', ip: '192.168.141.63', os.name: 'Windows 10', os.arch: 'amd64', os.version: '10.0', java.version: '1.8.0_131'
Driver info: org.openqa.selenium.chrome.ChromeDriver
Capabilities {acceptSslCerts: true, applicationCacheEnabled: false, browserConnectionEnabled: false, browserName: chrome, chrome: {chromedriverVersion: 2.33.506120 (e3e53437346286..., userDataDir: C:\Users\DEEPAK~1.SAI\AppDa...}, cssSelectorsEnabled: true, databaseEnabled: false, handlesAlerts: true, hasTouchScreen: false, javascriptEnabled: true, locationContextEnabled: true, mobileEmulationEnabled: false, nativeEvents: true, networkConnectionEnabled: false, pageLoadStrategy: normal, platform: XP, platformName: XP, rotatable: false, setWindowRect: true, takesHeapSnapshot: true, takesScreenshot: true, unexpectedAlertBehaviour: , unhandledPromptBehavior: , version: 63.0.3239.84, webStorageEnabled: true}
Session ID: 6e87570c03d670d1e4731e2acf8f9176]]>
            </message>
            <full-stacktrace>
              <![CDATA[org.openqa.selenium.WebDriverException: unknown error: Element <span class="ui-button-text ui-c" style="color: blue; border: 2px solid Magenta;">...</span> is not clickable at point (995, 487). Other element would receive the click: <div style="width: 100%; height: 100%; position: fixed; top: 0px; left: 0px; z-index: 2000000000; background-color: #fff; opacity: 0.05;  filter: alpha(opacity=5)"></div>
  (Session info: chrome=63.0.3239.84)
  (Driver info: chromedriver=2.33.506120 (e3e53437346286c0bc2d2dc9aa4915ba81d9023f),platform=Windows NT 10.0.10240 x86_64) (WARNING: The server did not provide any stacktrace information)
Command duration or timeout: 0 milliseconds
Build info: version: '3.7.1', revision: '8a0099a', time: '2017-11-06T21:01:39.354Z'
System info: host: 'DEV_DEL_DEEPAK', ip: '192.168.141.63', os.name: 'Windows 10', os.arch: 'amd64', os.version: '10.0', java.version: '1.8.0_131'
Driver info: org.openqa.selenium.chrome.ChromeDriver
Capabilities {acceptSslCerts: true, applicationCacheEnabled: false, browserConnectionEnabled: false, browserName: chrome, chrome: {chromedriverVersion: 2.33.506120 (e3e53437346286..., userDataDir: C:\Users\DEEPAK~1.SAI\AppDa...}, cssSelectorsEnabled: true, databaseEnabled: false, handlesAlerts: true, hasTouchScreen: false, javascriptEnabled: true, locationContextEnabled: true, mobileEmulationEnabled: false, nativeEvents: true, networkConnectionEnabled: false, pageLoadStrategy: normal, platform: XP, platformName: XP, rotatable: false, setWindowRect: true, takesHeapSnapshot: true, takesScreenshot: true, unexpectedAlertBehaviour: , unhandledPromptBehavior: , version: 63.0.3239.84, webStorageEnabled: true}
Session ID: 6e87570c03d670d1e4731e2acf8f9176
	at sun.reflect.NativeConstructorAccessorImpl.newInstance0(Native Method)
	at sun.reflect.NativeConstructorAccessorImpl.newInstance(NativeConstructorAccessorImpl.java:62)
	at sun.reflect.DelegatingConstructorAccessorImpl.newInstance(DelegatingConstructorAccessorImpl.java:45)
	at java.lang.reflect.Constructor.newInstance(Constructor.java:423)
	at org.openqa.selenium.remote.ErrorHandler.createThrowable(ErrorHandler.java:214)
	at org.openqa.selenium.remote.ErrorHandler.throwIfResponseFailed(ErrorHandler.java:166)
	at org.openqa.selenium.remote.http.JsonHttpResponseCodec.reconstructValue(JsonHttpResponseCodec.java:40)
	at org.openqa.selenium.remote.http.AbstractHttpResponseCodec.decode(AbstractHttpResponseCodec.java:80)
	at org.openqa.selenium.remote.http.AbstractHttpResponseCodec.decode(AbstractHttpResponseCodec.java:44)
	at org.openqa.selenium.remote.HttpCommandExecutor.execute(HttpCommandExecutor.java:164)
	at org.openqa.selenium.remote.service.DriverCommandExecutor.execute(DriverCommandExecutor.java:83)
	at org.openqa.selenium.remote.RemoteWebDriver.execute(RemoteWebDriver.java:600)
	at org.openqa.selenium.remote.RemoteWebElement.execute(RemoteWebElement.java:279)
	at org.openqa.selenium.remote.RemoteWebElement.click(RemoteWebElement.java:83)
	at sun.reflect.GeneratedMethodAccessor9.invoke(Unknown Source)
	at sun.reflect.DelegatingMethodAccessorImpl.invoke(DelegatingMethodAccessorImpl.java:43)
	at java.lang.reflect.Method.invoke(Method.java:498)
	at org.openqa.selenium.support.pagefactory.internal.LocatingElementHandler.invoke(LocatingElementHandler.java:51)
	at com.sun.proxy.$Proxy9.click(Unknown Source)
	at WaterAndSewerageLogin.WaterAndSewerageLoginPage.ChangeOfUseLoginAsCitizen(WaterAndSewerageLoginPage.java:96)
	at WaterAndSewerage_ChangeOfUse.NewConnection_ChangeOfUse_Citizen_Module.NRDA_ChangeOfUse_Citizen_SC_02_TC_08(NewConnection_ChangeOfUse_Citizen_Module.java:171)
	at sun.reflect.NativeMethodAccessorImpl.invoke0(Native Method)
	at sun.reflect.NativeMethodAccessorImpl.invoke(NativeMethodAccessorImpl.java:62)
	at sun.reflect.DelegatingMethodAccessorImpl.invoke(DelegatingMethodAccessorImpl.java:43)
	at java.lang.reflect.Method.invoke(Method.java:498)
	at org.testng.internal.MethodInvocationHelper.invokeMethod(MethodInvocationHelper.java:108)
	at org.testng.internal.Invoker.invokeMethod(Invoker.java:661)
	at org.testng.internal.Invoker.invokeTestMethod(Invoker.java:869)
	at org.testng.internal.Invoker.invokeTestMethods(Invoker.java:1193)
	at org.testng.internal.TestMethodWorker.invokeTestMethods(TestMethodWorker.java:126)
	at org.testng.internal.TestMethodWorker.run(TestMethodWorker.java:109)
	at org.testng.TestRunner.privateRun(TestRunner.java:744)
	at org.testng.TestRunner.run(TestRunner.java:602)
	at org.testng.SuiteRunner.runTest(SuiteRunner.java:380)
	at org.testng.SuiteRunner.runSequentially(SuiteRunner.java:375)
	at org.testng.SuiteRunner.privateRun(SuiteRunner.java:340)
	at org.testng.SuiteRunner.run(SuiteRunner.java:289)
	at org.testng.SuiteRunnerWorker.runSuite(SuiteRunnerWorker.java:52)
	at org.testng.SuiteRunnerWorker.run(SuiteRunnerWorker.java:86)
	at org.testng.TestNG.runSuitesSequentially(TestNG.java:1301)
	at org.testng.TestNG.runSuitesLocally(TestNG.java:1226)
	at org.testng.TestNG.runSuites(TestNG.java:1144)
	at org.testng.TestNG.run(TestNG.java:1115)
	at org.apache.maven.surefire.testng.TestNGExecutor.run(TestNGExecutor.java:122)
	at org.apache.maven.surefire.testng.TestNGXmlTestSuite.execute(TestNGXmlTestSuite.java:92)
	at org.apache.maven.surefire.testng.TestNGProvider.invoke(TestNGProvider.java:105)
	at sun.reflect.NativeMethodAccessorImpl.invoke0(Native Method)
	at sun.reflect.NativeMethodAccessorImpl.invoke(NativeMethodAccessorImpl.java:62)
	at sun.reflect.DelegatingMethodAccessorImpl.invoke(DelegatingMethodAccessorImpl.java:43)
	at java.lang.reflect.Method.invoke(Method.java:498)
	at org.apache.maven.surefire.util.ReflectionUtils.invokeMethodWithArray(ReflectionUtils.java:188)
	at org.apache.maven.surefire.booter.ProviderFactory$ProviderProxy.invoke(ProviderFactory.java:166)
	at org.apache.maven.surefire.booter.ProviderFactory.invokeProvider(ProviderFactory.java:86)
	at org.apache.maven.surefire.booter.ForkedBooter.runSuitesInProcess(ForkedBooter.java:101)
	at org.apache.maven.surefire.booter.ForkedBooter.main(ForkedBooter.java:74)
]]>
            </full-stacktrace>
          </exception> <!-- org.openqa.selenium.WebDriverException -->
          <reporter-output>
            <line>
              <![CDATA[<img src="file://C:\ILFS\NRDA\workspace\NRDA_FRAMEWORK\NRDA_PROJECT\Failure_ScreenShot\NRDA_ChangeOfUse_Citizen_SC_02_TC_08 Dec 22   12.28.52.png" alt=""/>]]>
            </line>
          </reporter-output>
        </test-method> <!-- NRDA_ChangeOfUse_Citizen_SC_02_TC_08 -->
        <test-method status="FAIL" signature="logoutWS()[pri:0, instance:WaterAndSewerage_ChangeOfUse.NewConnection_ChangeOfUse_Citizen_Module@204f30ec]" name="logoutWS" is-config="true" duration-ms="28" started-at="2017-12-22T12:28:52Z" finished-at="2017-12-22T12:28:52Z">
          <exception class="org.openqa.selenium.NoSuchElementException">
            <message>
              <![CDATA[no such element: Unable to locate element: {"method":"xpath","selector":"//a[@class='dropdown-toggle' and@role='button']/span"}
  (Session info: chrome=63.0.3239.84)
  (Driver info: chromedriver=2.33.506120 (e3e53437346286c0bc2d2dc9aa4915ba81d9023f),platform=Windows NT 10.0.10240 x86_64) (WARNING: The server did not provide any stacktrace information)
Command duration or timeout: 0 milliseconds
For documentation on this error, please visit: http://seleniumhq.org/exceptions/no_such_element.html
Build info: version: '3.7.1', revision: '8a0099a', time: '2017-11-06T21:01:39.354Z'
System info: host: 'DEV_DEL_DEEPAK', ip: '192.168.141.63', os.name: 'Windows 10', os.arch: 'amd64', os.version: '10.0', java.version: '1.8.0_131'
Driver info: org.openqa.selenium.chrome.ChromeDriver
Capabilities {acceptSslCerts: true, applicationCacheEnabled: false, browserConnectionEnabled: false, browserName: chrome, chrome: {chromedriverVersion: 2.33.506120 (e3e53437346286..., userDataDir: C:\Users\DEEPAK~1.SAI\AppDa...}, cssSelectorsEnabled: true, databaseEnabled: false, handlesAlerts: true, hasTouchScreen: false, javascriptEnabled: true, locationContextEnabled: true, mobileEmulationEnabled: false, nativeEvents: true, networkConnectionEnabled: false, pageLoadStrategy: normal, platform: XP, platformName: XP, rotatable: false, setWindowRect: true, takesHeapSnapshot: true, takesScreenshot: true, unexpectedAlertBehaviour: , unhandledPromptBehavior: , version: 63.0.3239.84, webStorageEnabled: true}
Session ID: 6e87570c03d670d1e4731e2acf8f9176
*** Element info: {Using=xpath, value=//a[@class='dropdown-toggle' and@role='button']/span}]]>
            </message>
            <full-stacktrace>
              <![CDATA[org.openqa.selenium.NoSuchElementException: no such element: Unable to locate element: {"method":"xpath","selector":"//a[@class='dropdown-toggle' and@role='button']/span"}
  (Session info: chrome=63.0.3239.84)
  (Driver info: chromedriver=2.33.506120 (e3e53437346286c0bc2d2dc9aa4915ba81d9023f),platform=Windows NT 10.0.10240 x86_64) (WARNING: The server did not provide any stacktrace information)
Command duration or timeout: 0 milliseconds
For documentation on this error, please visit: http://seleniumhq.org/exceptions/no_such_element.html
Build info: version: '3.7.1', revision: '8a0099a', time: '2017-11-06T21:01:39.354Z'
System info: host: 'DEV_DEL_DEEPAK', ip: '192.168.141.63', os.name: 'Windows 10', os.arch: 'amd64', os.version: '10.0', java.version: '1.8.0_131'
Driver info: org.openqa.selenium.chrome.ChromeDriver
Capabilities {acceptSslCerts: true, applicationCacheEnabled: false, browserConnectionEnabled: false, browserName: chrome, chrome: {chromedriverVersion: 2.33.506120 (e3e53437346286..., userDataDir: C:\Users\DEEPAK~1.SAI\AppDa...}, cssSelectorsEnabled: true, databaseEnabled: false, handlesAlerts: true, hasTouchScreen: false, javascriptEnabled: true, locationContextEnabled: true, mobileEmulationEnabled: false, nativeEvents: true, networkConnectionEnabled: false, pageLoadStrategy: normal, platform: XP, platformName: XP, rotatable: false, setWindowRect: true, takesHeapSnapshot: true, takesScreenshot: true, unexpectedAlertBehaviour: , unhandledPromptBehavior: , version: 63.0.3239.84, webStorageEnabled: true}
Session ID: 6e87570c03d670d1e4731e2acf8f9176
*** Element info: {Using=xpath, value=//a[@class='dropdown-toggle' and@role='button']/span}
	at sun.reflect.NativeConstructorAccessorImpl.newInstance0(Native Method)
	at sun.reflect.NativeConstructorAccessorImpl.newInstance(NativeConstructorAccessorImpl.java:62)
	at sun.reflect.DelegatingConstructorAccessorImpl.newInstance(DelegatingConstructorAccessorImpl.java:45)
	at java.lang.reflect.Constructor.newInstance(Constructor.java:423)
	at org.openqa.selenium.remote.ErrorHandler.createThrowable(ErrorHandler.java:214)
	at org.openqa.selenium.remote.ErrorHandler.throwIfResponseFailed(ErrorHandler.java:166)
	at org.openqa.selenium.remote.http.JsonHttpResponseCodec.reconstructValue(JsonHttpResponseCodec.java:40)
	at org.openqa.selenium.remote.http.AbstractHttpResponseCodec.decode(AbstractHttpResponseCodec.java:80)
	at org.openqa.selenium.remote.http.AbstractHttpResponseCodec.decode(AbstractHttpResponseCodec.java:44)
	at org.openqa.selenium.remote.HttpCommandExecutor.execute(HttpCommandExecutor.java:164)
	at org.openqa.selenium.remote.service.DriverCommandExecutor.execute(DriverCommandExecutor.java:83)
	at org.openqa.selenium.remote.RemoteWebDriver.execute(RemoteWebDriver.java:600)
	at org.openqa.selenium.remote.RemoteWebDriver.findElement(RemoteWebDriver.java:370)
	at org.openqa.selenium.remote.RemoteWebDriver.findElementByXPath(RemoteWebDriver.java:472)
	at org.openqa.selenium.By$ByXPath.findElement(By.java:361)
	at org.openqa.selenium.remote.RemoteWebDriver.findElement(RemoteWebDriver.java:362)
	at WaterAndSewerage_ChangeOfUse.NewConnection_ChangeOfUse_Citizen_Module.logoutWS(NewConnection_ChangeOfUse_Citizen_Module.java:40)
	at sun.reflect.NativeMethodAccessorImpl.invoke0(Native Method)
	at sun.reflect.NativeMethodAccessorImpl.invoke(NativeMethodAccessorImpl.java:62)
	at sun.reflect.DelegatingMethodAccessorImpl.invoke(DelegatingMethodAccessorImpl.java:43)
	at java.lang.reflect.Method.invoke(Method.java:498)
	at org.testng.internal.MethodInvocationHelper.invokeMethod(MethodInvocationHelper.java:108)
	at org.testng.internal.Invoker.invokeConfigurationMethod(Invoker.java:523)
	at org.testng.internal.Invoker.invokeConfigurations(Invoker.java:224)
	at org.testng.internal.Invoker.invokeMethod(Invoker.java:723)
	at org.testng.internal.Invoker.invokeTestMethod(Invoker.java:869)
	at org.testng.internal.Invoker.invokeTestMethods(Invoker.java:1193)
	at org.testng.internal.TestMethodWorker.invokeTestMethods(TestMethodWorker.java:126)
	at org.testng.internal.TestMethodWorker.run(TestMethodWorker.java:109)
	at org.testng.TestRunner.privateRun(TestRunner.java:744)
	at org.testng.TestRunner.run(TestRunner.java:602)
	at org.testng.SuiteRunner.runTest(SuiteRunner.java:380)
	at org.testng.SuiteRunner.runSequentially(SuiteRunner.java:375)
	at org.testng.SuiteRunner.privateRun(SuiteRunner.java:340)
	at org.testng.SuiteRunner.run(SuiteRunner.java:289)
	at org.testng.SuiteRunnerWorker.runSuite(SuiteRunnerWorker.java:52)
	at org.testng.SuiteRunnerWorker.run(SuiteRunnerWorker.java:86)
	at org.testng.TestNG.runSuitesSequentially(TestNG.java:1301)
	at org.testng.TestNG.runSuitesLocally(TestNG.java:1226)
	at org.testng.TestNG.runSuites(TestNG.java:1144)
	at org.testng.TestNG.run(TestNG.java:1115)
	at org.apache.maven.surefire.testng.TestNGExecutor.run(TestNGExecutor.java:122)
	at org.apache.maven.surefire.testng.TestNGXmlTestSuite.execute(TestNGXmlTestSuite.java:92)
	at org.apache.maven.surefire.testng.TestNGProvider.invoke(TestNGProvider.java:105)
	at sun.reflect.NativeMethodAccessorImpl.invoke0(Native Method)
	at sun.reflect.NativeMethodAccessorImpl.invoke(NativeMethodAccessorImpl.java:62)
	at sun.reflect.DelegatingMethodAccessorImpl.invoke(DelegatingMethodAccessorImpl.java:43)
	at java.lang.reflect.Method.invoke(Method.java:498)
	at org.apache.maven.surefire.util.ReflectionUtils.invokeMethodWithArray(ReflectionUtils.java:188)
	at org.apache.maven.surefire.booter.ProviderFactory$ProviderProxy.invoke(ProviderFactory.java:166)
	at org.apache.maven.surefire.booter.ProviderFactory.invokeProvider(ProviderFactory.java:86)
	at org.apache.maven.surefire.booter.ForkedBooter.runSuitesInProcess(ForkedBooter.java:101)
	at org.apache.maven.surefire.booter.ForkedBooter.main(ForkedBooter.java:74)
]]>
            </full-stacktrace>
          </exception> <!-- org.openqa.selenium.NoSuchElementException -->
          <reporter-output>
          </reporter-output>
        </test-method> <!-- logoutWS -->
      </class> <!-- WaterAndSewerage_ChangeOfUse.NewConnection_ChangeOfUse_Citizen_Module -->
    </test> <!-- LOGIN AS CITIZEN TO VERIFY CLOSE -->
    <test name="LOGIN AS CITIZEN TO VERIFY SUBMIT" duration-ms="74872" started-at="2017-12-22T06:58:52Z" finished-at="2017-12-22T07:00:07Z">
      <class name="WaterAndSewerage_ChangeOfUse.NewConnection_ChangeOfUse_Citizen_Module">
        <test-method status="PASS" signature="openBrowser()[pri:0, instance:WaterAndSewerage_ChangeOfUse.NewConnection_ChangeOfUse_Citizen_Module@464bee09]" name="openBrowser" is-config="true" duration-ms="7676" started-at="2017-12-22T12:28:53Z" finished-at="2017-12-22T12:29:00Z">
          <reporter-output>
          </reporter-output>
        </test-method> <!-- openBrowser -->
        <test-method status="PASS" signature="NRDA_ChangeOfUse_Citizen_SC_03_TC_01(java.lang.String, java.lang.String)[pri:8, instance:WaterAndSewerage_ChangeOfUse.NewConnection_ChangeOfUse_Citizen_Module@464bee09]" name="NRDA_ChangeOfUse_Citizen_SC_03_TC_01" duration-ms="66805" started-at="2017-12-22T12:29:00Z" description="verify submit" data-provider="citizen" finished-at="2017-12-22T12:30:07Z">
          <params>
            <param index="0">
              <value>
                <![CDATA[mohan@gmail.com]]>
              </value>
            </param>
            <param index="1">
              <value>
                <![CDATA[Vijay@123]]>
              </value>
            </param>
          </params>
          <reporter-output>
            <line>
              <![CDATA[Error Message:Enter valid address. It accepts only (#,.-/) special characters]]>
            </line>
            <line>
              <![CDATA[Applicant AddressProof Document Link Application of Water and Sewerage New connection link is Present]]>
            </line>
            <line>
              <![CDATA[Applicant AddressProof Document Link Application of Water and Sewerage New connection link is Present]]>
            </line>
          </reporter-output>
        </test-method> <!-- NRDA_ChangeOfUse_Citizen_SC_03_TC_01 -->
        <test-method status="PASS" signature="logoutWS()[pri:0, instance:WaterAndSewerage_ChangeOfUse.NewConnection_ChangeOfUse_Citizen_Module@464bee09]" name="logoutWS" is-config="true" duration-ms="322" started-at="2017-12-22T12:30:07Z" finished-at="2017-12-22T12:30:07Z">
          <reporter-output>
          </reporter-output>
        </test-method> <!-- logoutWS -->
      </class> <!-- WaterAndSewerage_ChangeOfUse.NewConnection_ChangeOfUse_Citizen_Module -->
    </test> <!-- LOGIN AS CITIZEN TO VERIFY SUBMIT -->
  </suite> <!-- Suite -->
</testng-results>
