<?xml version="1.0" encoding="UTF-8"?>
<!-- Generated by org.testng.reporters.JUnitXMLReporter -->
<testsuite hostname="DEV_DEL_DEEPAK" name="New Connection login as Field Engineer" tests="17" failures="0" timestamp="7 Jan 2018 09:23:15 GMT" time="34.51" errors="0">
  <testcase name="@AfterMethod logoutWS" time="0.0" classname="NRDA_NewConnection.LoginAsFE">
    <failure type="org.openqa.selenium.ElementNotVisibleException" message="element not visible
  (Session info: chrome=63.0.3239.84)
  (Driver info: chromedriver=2.33.506120 (e3e53437346286c0bc2d2dc9aa4915ba81d9023f),platform=Windows NT 10.0.10240 x86_64) (WARNING: The server did not provide any stacktrace information)
Command duration or timeout: 45 milliseconds
Build info: version: &amp;apos;unknown&amp;apos;, revision: &amp;apos;unknown&amp;apos;, time: &amp;apos;unknown&amp;apos;
System info: host: &amp;apos;DEV_DEL_DEEPAK&amp;apos;, ip: &amp;apos;192.168.141.63&amp;apos;, os.name: &amp;apos;Windows 10&amp;apos;, os.arch: &amp;apos;amd64&amp;apos;, os.version: &amp;apos;10.0&amp;apos;, java.version: &amp;apos;1.8.0_131&amp;apos;
Driver info: org.openqa.selenium.chrome.ChromeDriver
Capabilities [{applicationCacheEnabled=false, rotatable=false, mobileEmulationEnabled=false, networkConnectionEnabled=false, chrome={chromedriverVersion=2.33.506120 (e3e53437346286c0bc2d2dc9aa4915ba81d9023f), userDataDir=C:\Users\DEEPAK~1.SAI\AppData\Local\Temp\scoped_dir24100_16505}, takesHeapSnapshot=true, pageLoadStrategy=normal, databaseEnabled=false, handlesAlerts=true, hasTouchScreen=false, version=63.0.3239.84, platform=XP, browserConnectionEnabled=false, nativeEvents=true, acceptSslCerts=true, locationContextEnabled=true, webStorageEnabled=true, browserName=chrome, takesScreenshot=true, javascriptEnabled=true, cssSelectorsEnabled=true, setWindowRect=true, unexpectedAlertBehaviour=}]
Session ID: 6720405c0ffc93afc1185f1345a0da0c">
      <![CDATA[org.openqa.selenium.ElementNotVisibleException: element not visible
  (Session info: chrome=63.0.3239.84)
  (Driver info: chromedriver=2.33.506120 (e3e53437346286c0bc2d2dc9aa4915ba81d9023f),platform=Windows NT 10.0.10240 x86_64) (WARNING: The server did not provide any stacktrace information)
Command duration or timeout: 45 milliseconds
Build info: version: 'unknown', revision: 'unknown', time: 'unknown'
System info: host: 'DEV_DEL_DEEPAK', ip: '192.168.141.63', os.name: 'Windows 10', os.arch: 'amd64', os.version: '10.0', java.version: '1.8.0_131'
Driver info: org.openqa.selenium.chrome.ChromeDriver
Capabilities [{applicationCacheEnabled=false, rotatable=false, mobileEmulationEnabled=false, networkConnectionEnabled=false, chrome={chromedriverVersion=2.33.506120 (e3e53437346286c0bc2d2dc9aa4915ba81d9023f), userDataDir=C:\Users\DEEPAK~1.SAI\AppData\Local\Temp\scoped_dir24100_16505}, takesHeapSnapshot=true, pageLoadStrategy=normal, databaseEnabled=false, handlesAlerts=true, hasTouchScreen=false, version=63.0.3239.84, platform=XP, browserConnectionEnabled=false, nativeEvents=true, acceptSslCerts=true, locationContextEnabled=true, webStorageEnabled=true, browserName=chrome, takesScreenshot=true, javascriptEnabled=true, cssSelectorsEnabled=true, setWindowRect=true, unexpectedAlertBehaviour=}]
Session ID: 6720405c0ffc93afc1185f1345a0da0c
	at org.openqa.selenium.remote.ErrorHandler.createThrowable(ErrorHandler.java:215)
	at org.openqa.selenium.remote.ErrorHandler.throwIfResponseFailed(ErrorHandler.java:167)
	at org.openqa.selenium.remote.RemoteWebDriver.execute(RemoteWebDriver.java:671)
	at org.openqa.selenium.remote.RemoteWebElement.execute(RemoteWebElement.java:272)
	at org.openqa.selenium.remote.RemoteWebElement.click(RemoteWebElement.java:82)
	at NRDA_NewConnection.LoginAsFE.logoutWS(LoginAsFE.java:37)
... Removed 31 stack frames]]>
    </failure>
  </testcase> <!-- @AfterMethod logoutWS -->
  <testcase name="@BeforeMethod openBrowser" time="0.0" classname="NRDA_NewConnection.LoginAsFE">
    <skipped/>
  </testcase> <!-- @BeforeMethod openBrowser -->
  <testcase name="@AfterMethod logoutWS" time="0.0" classname="NRDA_NewConnection.LoginAsFE">
    <skipped/>
  </testcase> <!-- @AfterMethod logoutWS -->
  <testcase name="@BeforeMethod openBrowser" time="0.0" classname="NRDA_NewConnection.LoginAsFE">
    <skipped/>
  </testcase> <!-- @BeforeMethod openBrowser -->
  <testcase name="@AfterMethod logoutWS" time="0.0" classname="NRDA_NewConnection.LoginAsFE">
    <skipped/>
  </testcase> <!-- @AfterMethod logoutWS -->
  <testcase name="@BeforeMethod openBrowser" time="0.0" classname="NRDA_NewConnection.LoginAsFE">
    <skipped/>
  </testcase> <!-- @BeforeMethod openBrowser -->
  <testcase name="@AfterMethod logoutWS" time="0.0" classname="NRDA_NewConnection.LoginAsFE">
    <skipped/>
  </testcase> <!-- @AfterMethod logoutWS -->
  <testcase name="@BeforeMethod openBrowser" time="0.0" classname="NRDA_NewConnection.LoginAsFE">
    <skipped/>
  </testcase> <!-- @BeforeMethod openBrowser -->
  <testcase name="@AfterMethod logoutWS" time="0.0" classname="NRDA_NewConnection.LoginAsFE">
    <skipped/>
  </testcase> <!-- @AfterMethod logoutWS -->
  <testcase name="@BeforeMethod openBrowser" time="0.0" classname="NRDA_NewConnection.LoginAsFE">
    <skipped/>
  </testcase> <!-- @BeforeMethod openBrowser -->
  <testcase name="@AfterMethod logoutWS" time="0.0" classname="NRDA_NewConnection.LoginAsFE">
    <skipped/>
  </testcase> <!-- @AfterMethod logoutWS -->
  <testcase name="@BeforeMethod openBrowser" time="0.0" classname="NRDA_NewConnection.LoginAsFE">
    <skipped/>
  </testcase> <!-- @BeforeMethod openBrowser -->
  <testcase name="@AfterMethod logoutWS" time="0.0" classname="NRDA_NewConnection.LoginAsFE">
    <skipped/>
  </testcase> <!-- @AfterMethod logoutWS -->
  <testcase name="@BeforeMethod openBrowser" time="0.0" classname="NRDA_NewConnection.LoginAsFE">
    <skipped/>
  </testcase> <!-- @BeforeMethod openBrowser -->
  <testcase name="@AfterMethod logoutWS" time="0.0" classname="NRDA_NewConnection.LoginAsFE">
    <skipped/>
  </testcase> <!-- @AfterMethod logoutWS -->
  <testcase name="@BeforeMethod openBrowser" time="0.0" classname="NRDA_NewConnection.LoginAsFE">
    <skipped/>
  </testcase> <!-- @BeforeMethod openBrowser -->
  <testcase name="@AfterMethod logoutWS" time="0.0" classname="NRDA_NewConnection.LoginAsFE">
    <skipped/>
  </testcase> <!-- @AfterMethod logoutWS -->
  <testcase name="@BeforeMethod openBrowser" time="0.0" classname="NRDA_NewConnection.LoginAsFE">
    <skipped/>
  </testcase> <!-- @BeforeMethod openBrowser -->
  <testcase name="@AfterMethod logoutWS" time="0.0" classname="NRDA_NewConnection.LoginAsFE">
    <skipped/>
  </testcase> <!-- @AfterMethod logoutWS -->
  <testcase name="@BeforeMethod openBrowser" time="0.0" classname="NRDA_NewConnection.LoginAsFE">
    <skipped/>
  </testcase> <!-- @BeforeMethod openBrowser -->
  <testcase name="@AfterMethod logoutWS" time="0.0" classname="NRDA_NewConnection.LoginAsFE">
    <skipped/>
  </testcase> <!-- @AfterMethod logoutWS -->
  <testcase name="@BeforeMethod openBrowser" time="0.0" classname="NRDA_NewConnection.LoginAsFE">
    <skipped/>
  </testcase> <!-- @BeforeMethod openBrowser -->
  <testcase name="@AfterMethod logoutWS" time="0.0" classname="NRDA_NewConnection.LoginAsFE">
    <skipped/>
  </testcase> <!-- @AfterMethod logoutWS -->
  <testcase name="@BeforeMethod openBrowser" time="0.0" classname="NRDA_NewConnection.LoginAsFE">
    <skipped/>
  </testcase> <!-- @BeforeMethod openBrowser -->
  <testcase name="@AfterMethod logoutWS" time="0.0" classname="NRDA_NewConnection.LoginAsFE">
    <skipped/>
  </testcase> <!-- @AfterMethod logoutWS -->
  <testcase name="@BeforeMethod openBrowser" time="0.0" classname="NRDA_NewConnection.LoginAsFE">
    <skipped/>
  </testcase> <!-- @BeforeMethod openBrowser -->
  <testcase name="@AfterMethod logoutWS" time="0.0" classname="NRDA_NewConnection.LoginAsFE">
    <skipped/>
  </testcase> <!-- @AfterMethod logoutWS -->
  <testcase name="@BeforeMethod openBrowser" time="0.0" classname="NRDA_NewConnection.LoginAsFE">
    <skipped/>
  </testcase> <!-- @BeforeMethod openBrowser -->
  <testcase name="@AfterMethod logoutWS" time="0.0" classname="NRDA_NewConnection.LoginAsFE">
    <skipped/>
  </testcase> <!-- @AfterMethod logoutWS -->
  <testcase name="@BeforeMethod openBrowser" time="0.0" classname="NRDA_NewConnection.LoginAsFE">
    <skipped/>
  </testcase> <!-- @BeforeMethod openBrowser -->
  <testcase name="@AfterMethod logoutWS" time="0.0" classname="NRDA_NewConnection.LoginAsFE">
    <skipped/>
  </testcase> <!-- @AfterMethod logoutWS -->
  <testcase name="@BeforeMethod openBrowser" time="0.0" classname="NRDA_NewConnection.LoginAsFE">
    <skipped/>
  </testcase> <!-- @BeforeMethod openBrowser -->
  <testcase name="@AfterMethod logoutWS" time="0.0" classname="NRDA_NewConnection.LoginAsFE">
    <skipped/>
  </testcase> <!-- @AfterMethod logoutWS -->
  <testcase name="NRDA_Sewerage_New_Connection_SC_09_TC_01" time="11.142" classname="NRDA_NewConnection.LoginAsFE"/>
  <testcase name="NRDA_Sewerage_New_Connection_SC_09_TC_02" time="0.002" classname="NRDA_NewConnection.LoginAsFE">
    <skipped/>
  </testcase> <!-- NRDA_Sewerage_New_Connection_SC_09_TC_02 -->
  <testcase name="NRDA_Sewerage_New_Connection_SC_09_TC_03" time="0.003" classname="NRDA_NewConnection.LoginAsFE">
    <skipped/>
  </testcase> <!-- NRDA_Sewerage_New_Connection_SC_09_TC_03 -->
  <testcase name="NRDA_Sewerage_New_Connection_SC_09_TC_04" time="0.001" classname="NRDA_NewConnection.LoginAsFE">
    <skipped/>
  </testcase> <!-- NRDA_Sewerage_New_Connection_SC_09_TC_04 -->
  <testcase name="NRDA_Sewerage_New_Connection_SC_09_TC_05" time="0.003" classname="NRDA_NewConnection.LoginAsFE">
    <skipped/>
  </testcase> <!-- NRDA_Sewerage_New_Connection_SC_09_TC_05 -->
  <testcase name="NRDA_Sewerage_New_Connection_SC_09_TC_06" time="0.001" classname="NRDA_NewConnection.LoginAsFE">
    <skipped/>
  </testcase> <!-- NRDA_Sewerage_New_Connection_SC_09_TC_06 -->
  <testcase name="NRDA_Sewerage_New_Connection_SC_09_TC_07" time="0.0" classname="NRDA_NewConnection.LoginAsFE">
    <skipped/>
  </testcase> <!-- NRDA_Sewerage_New_Connection_SC_09_TC_07 -->
  <testcase name="NRDA_Sewerage_New_Connection_SC_09_TC_09" time="0.002" classname="NRDA_NewConnection.LoginAsFE">
    <skipped/>
  </testcase> <!-- NRDA_Sewerage_New_Connection_SC_09_TC_09 -->
  <testcase name="NRDA_Sewerage_New_Connection_SC_09_TC_10" time="0.003" classname="NRDA_NewConnection.LoginAsFE">
    <skipped/>
  </testcase> <!-- NRDA_Sewerage_New_Connection_SC_09_TC_10 -->
  <testcase name="NRDA_Sewerage_New_Connection_SC_09_TC_11" time="0.0" classname="NRDA_NewConnection.LoginAsFE">
    <skipped/>
  </testcase> <!-- NRDA_Sewerage_New_Connection_SC_09_TC_11 -->
  <testcase name="NRDA_Sewerage_New_Connection_SC_09_TC_12" time="0.001" classname="NRDA_NewConnection.LoginAsFE">
    <skipped/>
  </testcase> <!-- NRDA_Sewerage_New_Connection_SC_09_TC_12 -->
  <testcase name="NRDA_Sewerage_New_Connection_SC_09_TC_13" time="0.001" classname="NRDA_NewConnection.LoginAsFE">
    <skipped/>
  </testcase> <!-- NRDA_Sewerage_New_Connection_SC_09_TC_13 -->
  <testcase name="NRDA_Sewerage_New_Connection_SC_09_TC_14" time="0.001" classname="NRDA_NewConnection.LoginAsFE">
    <skipped/>
  </testcase> <!-- NRDA_Sewerage_New_Connection_SC_09_TC_14 -->
  <testcase name="NRDA_Sewerage_New_Connection_SC_09_TC_15" time="0.001" classname="NRDA_NewConnection.LoginAsFE">
    <skipped/>
  </testcase> <!-- NRDA_Sewerage_New_Connection_SC_09_TC_15 -->
  <testcase name="NRDA_Sewerage_New_Connection_SC_09_TC_16" time="0.001" classname="NRDA_NewConnection.LoginAsFE">
    <skipped/>
  </testcase> <!-- NRDA_Sewerage_New_Connection_SC_09_TC_16 -->
  <testcase name="NRDA_Sewerage_New_Connection_SC_09_TC_18" time="0.014" classname="NRDA_NewConnection.LoginAsFE">
    <skipped/>
  </testcase> <!-- NRDA_Sewerage_New_Connection_SC_09_TC_18 -->
  <testcase name="NRDA_Sewerage_New_Connection_SC_09_TC_19" time="0.001" classname="NRDA_NewConnection.LoginAsFE">
    <skipped/>
  </testcase> <!-- NRDA_Sewerage_New_Connection_SC_09_TC_19 -->
</testsuite> <!-- New Connection login as Field Engineer -->
