<?xml version="1.0" encoding="UTF-8"?>
<!-- Generated by org.testng.reporters.JUnitXMLReporter -->
<testsuite hostname="DEV_DEL_DEEPAK" name="Test" tests="2" failures="1" timestamp="26 Jul 2017 12:23:11 GMT" time="24.231" errors="0">
  <testcase name="@AfterMethod clickOnLogoutInNRDA" time="0.0" classname="NRDATestScript.Employee.EmployeeModule">
    <failure type="java.lang.NullPointerException">
      <![CDATA[java.lang.NullPointerException
	at org.openqa.selenium.support.pagefactory.internal.LocatingElementHandler.invoke(LocatingElementHandler.java:51)
	at com.sun.proxy.$Proxy10.click(Unknown Source)
	at LoginLogoutPageNRDA_UserLibrary.LogoutPageNRDA_JavaFile.clickOnLogoutButton(LogoutPageNRDA_JavaFile.java:27)
	at LoginLogoutNRDATestScript.LogoutPageNRDATestScript.clickOnLogoutInNRDA(LogoutPageNRDATestScript.java:35)
... Removed 31 stack frames]]>
    </failure>
  </testcase> <!-- @AfterMethod clickOnLogoutInNRDA -->
  <testcase name="@BeforeMethod clickOnLoginInNRDA" time="0.0" classname="NRDATestScript.Employee.EmployeeModule">
    <skipped/>
  </testcase> <!-- @BeforeMethod clickOnLoginInNRDA -->
  <testcase name="@AfterMethod clickOnLogoutInNRDA" time="0.0" classname="NRDATestScript.Employee.EmployeeModule">
    <skipped/>
  </testcase> <!-- @AfterMethod clickOnLogoutInNRDA -->
  <testcase name="@AfterClass clickOnCloseBrowser" time="0.0" classname="NRDATestScript.Employee.EmployeeModule">
    <skipped/>
  </testcase> <!-- @AfterClass clickOnCloseBrowser -->
  <testcase name="clickOnDiscussModule" time="6.331" classname="NRDATestScript.Employee.EmployeeModule">
    <failure type="org.openqa.selenium.ElementNotVisibleException" message="element not visible
  (Session info: chrome=59.0.3071.115)
  (Driver info: chromedriver=2.30.477700 (0057494ad8732195794a7b32078424f92a5fce41),platform=Windows NT 10.0.10240 x86_64) (WARNING: The server did not provide any stacktrace information)
Command duration or timeout: 45 milliseconds
Build info: version: &amp;apos;unknown&amp;apos;, revision: &amp;apos;unknown&amp;apos;, time: &amp;apos;unknown&amp;apos;
System info: host: &amp;apos;DEV_DEL_DEEPAK&amp;apos;, ip: &amp;apos;192.168.141.241&amp;apos;, os.name: &amp;apos;Windows 10&amp;apos;, os.arch: &amp;apos;amd64&amp;apos;, os.version: &amp;apos;10.0&amp;apos;, java.version: &amp;apos;1.8.0_131&amp;apos;
Driver info: org.openqa.selenium.chrome.ChromeDriver
Capabilities [{applicationCacheEnabled=false, rotatable=false, mobileEmulationEnabled=false, networkConnectionEnabled=false, chrome={chromedriverVersion=2.30.477700 (0057494ad8732195794a7b32078424f92a5fce41), userDataDir=C:\Users\DEEPAK~1.SAI\AppData\Local\Temp\scoped_dir15620_4865}, takesHeapSnapshot=true, pageLoadStrategy=normal, databaseEnabled=false, handlesAlerts=true, hasTouchScreen=false, version=59.0.3071.115, platform=XP, browserConnectionEnabled=false, nativeEvents=true, acceptSslCerts=true, locationContextEnabled=true, webStorageEnabled=true, browserName=chrome, takesScreenshot=true, javascriptEnabled=true, cssSelectorsEnabled=true, unexpectedAlertBehaviour=}]
Session ID: da966ff7771c2f4fb1121bfd2f21fd77">
      <![CDATA[org.openqa.selenium.ElementNotVisibleException: element not visible
  (Session info: chrome=59.0.3071.115)
  (Driver info: chromedriver=2.30.477700 (0057494ad8732195794a7b32078424f92a5fce41),platform=Windows NT 10.0.10240 x86_64) (WARNING: The server did not provide any stacktrace information)
Command duration or timeout: 45 milliseconds
Build info: version: 'unknown', revision: 'unknown', time: 'unknown'
System info: host: 'DEV_DEL_DEEPAK', ip: '192.168.141.241', os.name: 'Windows 10', os.arch: 'amd64', os.version: '10.0', java.version: '1.8.0_131'
Driver info: org.openqa.selenium.chrome.ChromeDriver
Capabilities [{applicationCacheEnabled=false, rotatable=false, mobileEmulationEnabled=false, networkConnectionEnabled=false, chrome={chromedriverVersion=2.30.477700 (0057494ad8732195794a7b32078424f92a5fce41), userDataDir=C:\Users\DEEPAK~1.SAI\AppData\Local\Temp\scoped_dir15620_4865}, takesHeapSnapshot=true, pageLoadStrategy=normal, databaseEnabled=false, handlesAlerts=true, hasTouchScreen=false, version=59.0.3071.115, platform=XP, browserConnectionEnabled=false, nativeEvents=true, acceptSslCerts=true, locationContextEnabled=true, webStorageEnabled=true, browserName=chrome, takesScreenshot=true, javascriptEnabled=true, cssSelectorsEnabled=true, unexpectedAlertBehaviour=}]
Session ID: da966ff7771c2f4fb1121bfd2f21fd77
	at org.openqa.selenium.remote.ErrorHandler.createThrowable(ErrorHandler.java:215)
	at org.openqa.selenium.remote.ErrorHandler.throwIfResponseFailed(ErrorHandler.java:167)
	at org.openqa.selenium.remote.RemoteWebDriver.execute(RemoteWebDriver.java:671)
	at org.openqa.selenium.remote.RemoteWebElement.execute(RemoteWebElement.java:272)
	at org.openqa.selenium.remote.RemoteWebElement.click(RemoteWebElement.java:82)
	at org.openqa.selenium.support.pagefactory.internal.LocatingElementHandler.invoke(LocatingElementHandler.java:51)
	at com.sun.proxy.$Proxy10.click(Unknown Source)
	at EmployeeNRDA_UserLibrary.DiscussNRDA_JavaFile.appModule(DiscussNRDA_JavaFile.java:52)
	at NRDATestScript.Employee.EmployeeModule.clickOnDiscussModule(EmployeeModule.java:40)
... Removed 33 stack frames]]>
    </failure>
  </testcase> <!-- clickOnDiscussModule -->
  <testcase name="clickOnCreateEmployeeModule" time="0.002" classname="NRDATestScript.Employee.EmployeeModule">
    <skipped/>
  </testcase> <!-- clickOnCreateEmployeeModule -->
</testsuite> <!-- Test -->
