-------------------------------------------------------------------------------
Test set: TestSuite
-------------------------------------------------------------------------------
Tests run: 2, Failures: 1, Errors: 0, Skipped: 0, Time elapsed: 0.898 s <<< FAILURE! - in TestSuite
hardAssert(assertClass.Assertion)  Time elapsed: 0.009 s  <<< FAILURE!
java.lang.AssertionError: did not expect to find [true] but found [false]
	at assertClass.Assertion.hardAssert(Assertion.java:20)

