<?xml version="1.0" encoding="UTF-8"?>
<!-- Generated by org.testng.reporters.JUnitXMLReporter -->
<testsuite hostname="DEV_DEL_DEEPAK" ignored="0" name="Test" tests="18" failures="0" timestamp="21 Jul 2017 05:30:28 GMT" time="6.896" errors="0">
  <testcase name="@BeforeClass clickOnOpenBrowser" time="6.846" classname="LoginLogoutNRDATestScript.LoginPageNRDATestScript">
    <failure type="org.openqa.selenium.SessionNotCreatedException" message="session not created exception
from chrome not reachable
  (Session info: chrome=59.0.3071.115)
  (Driver info: chromedriver=2.30.477700 (0057494ad8732195794a7b32078424f92a5fce41),platform=Windows NT 10.0.10240 x86_64) (WARNING: The server did not provide any stacktrace information)
Command duration or timeout: 5.55 seconds
Build info: version: &amp;apos;3.4.0&amp;apos;, revision: &amp;apos;unknown&amp;apos;, time: &amp;apos;unknown&amp;apos;
System info: host: &amp;apos;DEV_DEL_DEEPAK&amp;apos;, ip: &amp;apos;192.168.141.241&amp;apos;, os.name: &amp;apos;Windows 10&amp;apos;, os.arch: &amp;apos;amd64&amp;apos;, os.version: &amp;apos;10.0&amp;apos;, java.version: &amp;apos;1.8.0_131&amp;apos;
Driver info: driver.version: BrowserDriver">
      <![CDATA[org.openqa.selenium.SessionNotCreatedException: session not created exception
from chrome not reachable
  (Session info: chrome=59.0.3071.115)
  (Driver info: chromedriver=2.30.477700 (0057494ad8732195794a7b32078424f92a5fce41),platform=Windows NT 10.0.10240 x86_64) (WARNING: The server did not provide any stacktrace information)
Command duration or timeout: 5.55 seconds
Build info: version: '3.4.0', revision: 'unknown', time: 'unknown'
System info: host: 'DEV_DEL_DEEPAK', ip: '192.168.141.241', os.name: 'Windows 10', os.arch: 'amd64', os.version: '10.0', java.version: '1.8.0_131'
Driver info: driver.version: BrowserDriver
	at org.openqa.selenium.remote.ErrorHandler.createThrowable(ErrorHandler.java:215)
	at org.openqa.selenium.remote.ErrorHandler.throwIfResponseFailed(ErrorHandler.java:167)
	at org.openqa.selenium.remote.JsonWireProtocolResponse.lambda$new$0(JsonWireProtocolResponse.java:53)
	at org.openqa.selenium.remote.JsonWireProtocolResponse.lambda$getResponseFunction$2(JsonWireProtocolResponse.java:91)
	at org.openqa.selenium.remote.ProtocolHandshake.lambda$createSession$22(ProtocolHandshake.java:365)
	at java.util.stream.ReferencePipeline$3$1.accept(ReferencePipeline.java:193)
	at java.util.Spliterators$ArraySpliterator.tryAdvance(Spliterators.java:958)
	at java.util.stream.ReferencePipeline.forEachWithCancel(ReferencePipeline.java:126)
	at java.util.stream.AbstractPipeline.copyIntoWithCancel(AbstractPipeline.java:498)
	at java.util.stream.AbstractPipeline.copyInto(AbstractPipeline.java:485)
	at java.util.stream.AbstractPipeline.wrapAndCopyInto(AbstractPipeline.java:471)
	at java.util.stream.FindOps$FindOp.evaluateSequential(FindOps.java:152)
	at java.util.stream.AbstractPipeline.evaluate(AbstractPipeline.java:234)
	at java.util.stream.ReferencePipeline.findFirst(ReferencePipeline.java:464)
	at org.openqa.selenium.remote.ProtocolHandshake.createSession(ProtocolHandshake.java:368)
	at org.openqa.selenium.remote.ProtocolHandshake.createSession(ProtocolHandshake.java:159)
	at org.openqa.selenium.remote.HttpCommandExecutor.execute(HttpCommandExecutor.java:142)
	at org.openqa.selenium.remote.service.DriverCommandExecutor.execute(DriverCommandExecutor.java:82)
	at org.openqa.selenium.remote.RemoteWebDriver.execute(RemoteWebDriver.java:637)
	at org.openqa.selenium.remote.RemoteWebDriver.startSession(RemoteWebDriver.java:250)
	at org.openqa.selenium.remote.RemoteWebDriver.startSession(RemoteWebDriver.java:236)
	at org.openqa.selenium.remote.RemoteWebDriver.<init>(RemoteWebDriver.java:137)
	at org.openqa.selenium.chrome.ChromeDriver.<init>(ChromeDriver.java:184)
	at org.openqa.selenium.chrome.ChromeDriver.<init>(ChromeDriver.java:171)
	at org.openqa.selenium.chrome.ChromeDriver.<init>(ChromeDriver.java:124)
	at GenericLibrary.BrowserDriver.getBrowser(BrowserDriver.java:46)
	at LoginLogoutNRDATestScript.LoginPageNRDATestScript.clickOnOpenBrowser(LoginPageNRDATestScript.java:35)
... Removed 38 stack frames]]>
    </failure>
  </testcase> <!-- @BeforeClass clickOnOpenBrowser -->
  <testcase name="@BeforeMethod clickOnLoginInNRDA" time="0.0" classname="LoginLogoutNRDATestScript.LoginPageNRDATestScript">
    <skipped/>
  </testcase> <!-- @BeforeMethod clickOnLoginInNRDA -->
  <testcase name="@BeforeMethod clickOnLoginInNRDA" time="0.0" classname="LoginLogoutNRDATestScript.LoginPageNRDATestScript">
    <skipped/>
  </testcase> <!-- @BeforeMethod clickOnLoginInNRDA -->
  <testcase name="@AfterClass clickOnCloseBrowser" time="0.0" classname="LoginLogoutNRDATestScript.LogoutPageNRDATestScript">
    <skipped/>
  </testcase> <!-- @AfterClass clickOnCloseBrowser -->
  <testcase name="@BeforeClass clickOnOpenBrowser" time="0.0" classname="LoginLogoutNRDATestScript.LoginPageNRDATestScript">
    <skipped/>
  </testcase> <!-- @BeforeClass clickOnOpenBrowser -->
  <testcase name="@BeforeMethod clickOnLoginInNRDA" time="0.0" classname="LoginLogoutNRDATestScript.LoginPageNRDATestScript">
    <skipped/>
  </testcase> <!-- @BeforeMethod clickOnLoginInNRDA -->
  <testcase name="@AfterClass clickOnCloseBrowser" time="0.0" classname="LoginLogoutNRDATestScript.LogoutPageNRDATestScript">
    <skipped/>
  </testcase> <!-- @AfterClass clickOnCloseBrowser -->
  <testcase name="@BeforeClass clickOnOpenBrowser" time="0.0" classname="LoginLogoutNRDATestScript.LoginPageNRDATestScript">
    <skipped/>
  </testcase> <!-- @BeforeClass clickOnOpenBrowser -->
  <testcase name="@BeforeMethod clickOnLoginInNRDA" time="0.0" classname="LoginLogoutNRDATestScript.LoginPageNRDATestScript">
    <skipped/>
  </testcase> <!-- @BeforeMethod clickOnLoginInNRDA -->
  <testcase name="@AfterClass clickOnCloseBrowser" time="0.0" classname="LoginLogoutNRDATestScript.LogoutPageNRDATestScript">
    <skipped/>
  </testcase> <!-- @AfterClass clickOnCloseBrowser -->
  <testcase name="@BeforeClass clickOnOpenBrowser" time="0.0" classname="LoginLogoutNRDATestScript.LoginPageNRDATestScript">
    <skipped/>
  </testcase> <!-- @BeforeClass clickOnOpenBrowser -->
  <testcase name="@BeforeMethod clickOnLoginInNRDA" time="0.0" classname="LoginLogoutNRDATestScript.LoginPageNRDATestScript">
    <skipped/>
  </testcase> <!-- @BeforeMethod clickOnLoginInNRDA -->
  <testcase name="@BeforeClass clickOnOpenBrowser" time="0.0" classname="LoginLogoutNRDATestScript.LoginPageNRDATestScript">
    <skipped/>
  </testcase> <!-- @BeforeClass clickOnOpenBrowser -->
  <testcase name="@BeforeMethod clickOnLoginInNRDA" time="0.0" classname="LoginLogoutNRDATestScript.LoginPageNRDATestScript">
    <skipped/>
  </testcase> <!-- @BeforeMethod clickOnLoginInNRDA -->
  <testcase name="@BeforeClass clickOnOpenBrowser" time="0.0" classname="LoginLogoutNRDATestScript.LoginPageNRDATestScript">
    <skipped/>
  </testcase> <!-- @BeforeClass clickOnOpenBrowser -->
  <testcase name="@BeforeMethod clickOnLoginInNRDA" time="0.0" classname="LoginLogoutNRDATestScript.LoginPageNRDATestScript">
    <skipped/>
  </testcase> <!-- @BeforeMethod clickOnLoginInNRDA -->
  <testcase name="@BeforeMethod clickOnLoginInNRDA" time="0.0" classname="LoginLogoutNRDATestScript.LoginPageNRDATestScript">
    <skipped/>
  </testcase> <!-- @BeforeMethod clickOnLoginInNRDA -->
  <testcase name="@BeforeMethod clickOnLoginInNRDA" time="0.0" classname="LoginLogoutNRDATestScript.LoginPageNRDATestScript">
    <skipped/>
  </testcase> <!-- @BeforeMethod clickOnLoginInNRDA -->
  <testcase name="@BeforeMethod clickOnLoginInNRDA" time="0.0" classname="LoginLogoutNRDATestScript.LoginPageNRDATestScript">
    <skipped/>
  </testcase> <!-- @BeforeMethod clickOnLoginInNRDA -->
  <testcase name="@BeforeMethod clickOnLoginInNRDA" time="0.0" classname="LoginLogoutNRDATestScript.LoginPageNRDATestScript">
    <skipped/>
  </testcase> <!-- @BeforeMethod clickOnLoginInNRDA -->
  <testcase name="@BeforeMethod clickOnLoginInNRDA" time="0.0" classname="LoginLogoutNRDATestScript.LoginPageNRDATestScript">
    <skipped/>
  </testcase> <!-- @BeforeMethod clickOnLoginInNRDA -->
  <testcase name="@BeforeMethod clickOnLoginInNRDA" time="0.0" classname="LoginLogoutNRDATestScript.LoginPageNRDATestScript">
    <skipped/>
  </testcase> <!-- @BeforeMethod clickOnLoginInNRDA -->
  <testcase name="@BeforeMethod clickOnLoginInNRDA" time="0.0" classname="LoginLogoutNRDATestScript.LoginPageNRDATestScript">
    <skipped/>
  </testcase> <!-- @BeforeMethod clickOnLoginInNRDA -->
  <testcase name="@AfterClass clickOnCloseBrowser" time="0.0" classname="LoginLogoutNRDATestScript.LogoutPageNRDATestScript">
    <skipped/>
  </testcase> <!-- @AfterClass clickOnCloseBrowser -->
  <testcase name="@BeforeMethod clickOnLoginInNRDA" time="0.0" classname="LoginLogoutNRDATestScript.LoginPageNRDATestScript">
    <skipped/>
  </testcase> <!-- @BeforeMethod clickOnLoginInNRDA -->
  <testcase name="@AfterClass clickOnCloseBrowser" time="0.0" classname="LoginLogoutNRDATestScript.LogoutPageNRDATestScript">
    <skipped/>
  </testcase> <!-- @AfterClass clickOnCloseBrowser -->
  <testcase name="@BeforeMethod clickOnLoginInNRDA" time="0.0" classname="LoginLogoutNRDATestScript.LoginPageNRDATestScript">
    <skipped/>
  </testcase> <!-- @BeforeMethod clickOnLoginInNRDA -->
  <testcase name="@BeforeMethod clickOnLoginInNRDA" time="0.0" classname="LoginLogoutNRDATestScript.LoginPageNRDATestScript">
    <skipped/>
  </testcase> <!-- @BeforeMethod clickOnLoginInNRDA -->
  <testcase name="@BeforeMethod clickOnLoginInNRDA" time="0.0" classname="LoginLogoutNRDATestScript.LoginPageNRDATestScript">
    <skipped/>
  </testcase> <!-- @BeforeMethod clickOnLoginInNRDA -->
  <testcase name="@AfterClass clickOnCloseBrowser" time="0.0" classname="LoginLogoutNRDATestScript.LogoutPageNRDATestScript">
    <skipped/>
  </testcase> <!-- @AfterClass clickOnCloseBrowser -->
  <testcase name="clickOnLeavesAllocation" time="0.0" classname="NRDATestScript.Leave.LeavesToApproveNRDATestScript">
    <skipped/>
  </testcase> <!-- clickOnLeavesAllocation -->
  <testcase name="clickOnLeavesToApprove" time="0.0" classname="NRDATestScript.Leave.LeavesToApproveNRDATestScript">
    <skipped/>
  </testcase> <!-- clickOnLeavesToApprove -->
  <testcase name="clickOnMyIncrement" time="0.0" classname="NRDATestScript.Employee.LoginAsEmployeeToVerifyPersonalAppraisal">
    <skipped/>
  </testcase> <!-- clickOnMyIncrement -->
  <testcase name="loginAsHODToApprove" time="0.0" classname="NRDATestScript.Employee.LoginAsHODToApproveAppraisal">
    <skipped/>
  </testcase> <!-- loginAsHODToApprove -->
  <testcase name="clickOnDiscussLink" time="0.0" classname="NRDATestScript.Appraisal.AppraisalModule">
    <skipped/>
  </testcase> <!-- clickOnDiscussLink -->
  <testcase name="clickOnDiscussLink" time="0.001" classname="NRDATestScript.Leave.MyLeavesNRDATestScript">
    <skipped/>
  </testcase> <!-- clickOnDiscussLink -->
  <testcase name="clickOnDiscussModule" time="0.0" classname="NRDATestScript.Employee.EmployeeModule">
    <skipped/>
  </testcase> <!-- clickOnDiscussModule -->
  <testcase name="clickOnSave_AppraisalModuleTest" time="0.0" classname="NRDATestScript.Appraisal.AppraisalModule">
    <skipped/>
  </testcase> <!-- clickOnSave_AppraisalModuleTest -->
  <testcase name="clickOnLeaveModuleTest" time="0.0" classname="NRDATestScript.Leave.MyLeavesNRDATestScript">
    <skipped/>
  </testcase> <!-- clickOnLeaveModuleTest -->
  <testcase name="clickOnPayFixation" time="0.0" classname="NRDATestScript.Employee.EmployeeModule">
    <skipped/>
  </testcase> <!-- clickOnPayFixation -->
  <testcase name="clickOnDiscard_AppraisalModuleTest" time="0.0" classname="NRDATestScript.Appraisal.AppraisalModule">
    <skipped/>
  </testcase> <!-- clickOnDiscard_AppraisalModuleTest -->
  <testcase name="clickOnAllocationRequest" time="0.0" classname="NRDATestScript.Leave.MyLeavesNRDATestScript">
    <skipped/>
  </testcase> <!-- clickOnAllocationRequest -->
  <testcase name="clickOnEmployeeModule" time="0.0" classname="NRDATestScript.Employee.EmployeeModule">
    <skipped/>
  </testcase> <!-- clickOnEmployeeModule -->
  <testcase name="clickOnDelete_AppraisalModuleTest" time="0.0" classname="NRDATestScript.Appraisal.AppraisalModule">
    <skipped/>
  </testcase> <!-- clickOnDelete_AppraisalModuleTest -->
  <testcase name="clickOnLeaveSummary" time="0.0" classname="NRDATestScript.Leave.MyLeavesNRDATestScript">
    <skipped/>
  </testcase> <!-- clickOnLeaveSummary -->
  <testcase name="clickOnCreateButtonUnderIncrementInitiator" time="0.0" classname="NRDATestScript.Employee.EmployeeModule">
    <skipped/>
  </testcase> <!-- clickOnCreateButtonUnderIncrementInitiator -->
  <testcase name="clickOnInitialIncrement" time="0.0" classname="NRDATestScript.Employee.EmployeeModule">
    <skipped/>
  </testcase> <!-- clickOnInitialIncrement -->
  <testcase name="clickOnWaitingForApproval" time="0.0" classname="NRDATestScript.Employee.EmployeeModule">
    <skipped/>
  </testcase> <!-- clickOnWaitingForApproval -->
</testsuite> <!-- Test -->
