<?xml version="1.0" encoding="UTF-8"?>
<!-- Generated by org.testng.reporters.JUnitXMLReporter -->
<testsuite hostname="DEV_DEL_DEEPAK" ignored="4" name="LOGIN AS TOUR HR LOG EXPENSES" tests="4" failures="0" timestamp="27 Nov 2018 06:58:28 GMT" time="234.992" errors="0">
  <testcase name="UAT_HRMS_TOUR_26" time="10.515" classname="HRMS_ERP_UAT_TOUR_TEST.LoginAsHRManager"/>
  <testcase name="UAT_HRMS_TOUR_27" time="43.599" classname="HRMS_ERP_UAT_TOUR_TEST.LoginAsHRManager"/>
  <testcase name="UAT_HRMS_TOUR_28" time="53.97" classname="HRMS_ERP_UAT_TOUR_TEST.LoginAsHRManager"/>
  <testcase name="UAT_HRMS_TOUR_29" time="96.956" classname="HRMS_ERP_UAT_TOUR_TEST.LoginAsHRManager"/>
  <testcase name="UAT_HRMS_TOUR_15" time="0.0" classname="HRMS_ERP_UAT_TOUR_TEST.LoginAsHRManager">
    <ignored/>
  </testcase> <!-- UAT_HRMS_TOUR_15 -->
  <testcase name="UAT_HRMS_TOUR_16" time="0.0" classname="HRMS_ERP_UAT_TOUR_TEST.LoginAsHRManager">
    <ignored/>
  </testcase> <!-- UAT_HRMS_TOUR_16 -->
  <testcase name="UAT_HRMS_TOUR_13" time="0.0" classname="HRMS_ERP_UAT_TOUR_TEST.LoginAsHRManager">
    <ignored/>
  </testcase> <!-- UAT_HRMS_TOUR_13 -->
  <testcase name="UAT_HRMS_TOUR_14" time="0.0" classname="HRMS_ERP_UAT_TOUR_TEST.LoginAsHRManager">
    <ignored/>
  </testcase> <!-- UAT_HRMS_TOUR_14 -->
</testsuite> <!-- LOGIN AS TOUR HR LOG EXPENSES -->
