<?xml version="1.0" encoding="UTF-8"?>
<!-- Generated by org.testng.reporters.JUnitXMLReporter -->
<testsuite hostname="DEV_DEL_DEEPAK" ignored="8" name="LOGIN AS TOUR EMPLOYEE LOG EXPENSES" tests="5" failures="0" timestamp="27 Nov 2018 05:17:42 GMT" time="352.178" errors="0">
  <testcase name="UAT_HRMS_TOUR_21" time="6.127" classname="HRMS_ERP_UAT_TOUR_TEST.LoginAsEmployee"/>
  <testcase name="UAT_HRMS_TOUR_22" time="38.442" classname="HRMS_ERP_UAT_TOUR_TEST.LoginAsEmployee"/>
  <testcase name="UAT_HRMS_TOUR_23" time="70.232" classname="HRMS_ERP_UAT_TOUR_TEST.LoginAsEmployee"/>
  <testcase name="UAT_HRMS_TOUR_24" time="86.285" classname="HRMS_ERP_UAT_TOUR_TEST.LoginAsEmployee"/>
  <testcase name="UAT_HRMS_TOUR_25" time="109.51" classname="HRMS_ERP_UAT_TOUR_TEST.LoginAsEmployee"/>
  <testcase name="UAT_HRMS_TOUR_6" time="0.0" classname="HRMS_ERP_UAT_TOUR_TEST.LoginAsEmployee">
    <ignored/>
  </testcase> <!-- UAT_HRMS_TOUR_6 -->
  <testcase name="UAT_HRMS_TOUR_3" time="0.0" classname="HRMS_ERP_UAT_TOUR_TEST.LoginAsEmployee">
    <ignored/>
  </testcase> <!-- UAT_HRMS_TOUR_3 -->
  <testcase name="UAT_HRMS_TOUR_5" time="0.0" classname="HRMS_ERP_UAT_TOUR_TEST.LoginAsEmployee">
    <ignored/>
  </testcase> <!-- UAT_HRMS_TOUR_5 -->
  <testcase name="UAT_HRMS_TOUR_2" time="0.0" classname="HRMS_ERP_UAT_TOUR_TEST.LoginAsEmployee">
    <ignored/>
  </testcase> <!-- UAT_HRMS_TOUR_2 -->
  <testcase name="UAT_HRMS_TOUR_1" time="0.0" classname="HRMS_ERP_UAT_TOUR_TEST.LoginAsEmployee">
    <ignored/>
  </testcase> <!-- UAT_HRMS_TOUR_1 -->
  <testcase name="UAT_HRMS_TOUR_8" time="0.0" classname="HRMS_ERP_UAT_TOUR_TEST.LoginAsEmployee">
    <ignored/>
  </testcase> <!-- UAT_HRMS_TOUR_8 -->
  <testcase name="UAT_HRMS_TOUR_7" time="0.0" classname="HRMS_ERP_UAT_TOUR_TEST.LoginAsEmployee">
    <ignored/>
  </testcase> <!-- UAT_HRMS_TOUR_7 -->
  <testcase name="UAT_HRMS_TOUR_4" time="0.0" classname="HRMS_ERP_UAT_TOUR_TEST.LoginAsEmployee">
    <ignored/>
  </testcase> <!-- UAT_HRMS_TOUR_4 -->
</testsuite> <!-- LOGIN AS TOUR EMPLOYEE LOG EXPENSES -->
