<?xml version="1.0" encoding="UTF-8"?>
<!-- Generated by org.testng.reporters.JUnitXMLReporter -->
<testsuite hostname="DEV_DEL_DEEPAK" ignored="0" name="LOGIN AS TOUR HOD" tests="4" failures="0" timestamp="26 Nov 2018 10:21:35 GMT" time="227.378" errors="0">
  <testcase name="UAT_HRMS_TOUR_9" time="10.293" classname="HRMS_ERP_UAT_TOUR_TEST.LoginAsHOD"/>
  <testcase name="UAT_HRMS_TOUR_10" time="43.09" classname="HRMS_ERP_UAT_TOUR_TEST.LoginAsHOD"/>
  <testcase name="UAT_HRMS_TOUR_11" time="57.734" classname="HRMS_ERP_UAT_TOUR_TEST.LoginAsHOD"/>
  <testcase name="UAT_HRMS_TOUR_12" time="91.445" classname="HRMS_ERP_UAT_TOUR_TEST.LoginAsHOD"/>
</testsuite> <!-- LOGIN AS TOUR HOD -->
