<?xml version="1.0" encoding="UTF-8"?>
<!-- Generated by org.testng.reporters.JUnitXMLReporter -->
<testsuite hostname="DEV_DEL_DEEPAK" name="login as Approver to check Performance appraisal module" tests="1" failures="0" timestamp="17 Nov 2017 09:03:36 GMT" time="22.751" errors="0">
  <testcase name="verifySubmitACRHRMS_Approver_Appraisal_SC_24_TC_01" time="14.622" classname="HRMS_ERP_PERFORMANCE_APPRAISAL_SCRIPT.HRMS_ERP_Performance_Appraisal_Approval_Module"/>
</testsuite> <!-- login as Approver to check Performance appraisal module -->
