<?xml version="1.0" encoding="UTF-8"?>
<!-- Generated by org.testng.reporters.JUnitXMLReporter -->
<testsuite hostname="DEV_DEL_DEEPAK" ignored="0" name="LOGIN AS FM" tests="6" failures="0" timestamp="19 Dec 2018 09:34:03 GMT" time="303.949" errors="0">
  <testcase name="UAT_Finance_GM_07" time="10.316" classname="HRMS_ERP_UAT_GRANT_MANAGEMENT.LoginAsFM"/>
  <testcase name="UAT_Finance_GM_08" time="32.463" classname="HRMS_ERP_UAT_GRANT_MANAGEMENT.LoginAsFM"/>
  <testcase name="UAT_Finance_GM_09" time="40.763" classname="HRMS_ERP_UAT_GRANT_MANAGEMENT.LoginAsFM"/>
  <testcase name="UAT_Finance_GM_10" time="61.139" classname="HRMS_ERP_UAT_GRANT_MANAGEMENT.LoginAsFM"/>
  <testcase name="UAT_Finance_GM_12" time="53.935" classname="HRMS_ERP_UAT_GRANT_MANAGEMENT.LoginAsFM"/>
  <testcase name="UAT_Finance_GM_11" time="64.526" classname="HRMS_ERP_UAT_GRANT_MANAGEMENT.LoginAsFM"/>
</testsuite> <!-- LOGIN AS FM -->
