<?xml version="1.0" encoding="UTF-8"?>
<!-- Generated by org.testng.reporters.JUnitXMLReporter -->
<testsuite hostname="DEV_DEL_DEEPAK" ignored="4" name="LOGIN AS TOUR CEO LOG EXPENSES" tests="4" failures="0" timestamp="27 Nov 2018 07:45:56 GMT" time="232.948" errors="0">
  <testcase name="UAT_HRMS_TOUR_30" time="10.137" classname="HRMS_ERP_UAT_TOUR_TEST.LoginAsCEO"/>
  <testcase name="UAT_HRMS_TOUR_31" time="42.871" classname="HRMS_ERP_UAT_TOUR_TEST.LoginAsCEO"/>
  <testcase name="UAT_HRMS_TOUR_32" time="52.983" classname="HRMS_ERP_UAT_TOUR_TEST.LoginAsCEO"/>
  <testcase name="UAT_HRMS_TOUR_33" time="96.897" classname="HRMS_ERP_UAT_TOUR_TEST.LoginAsCEO"/>
  <testcase name="UAT_HRMS_TOUR_19" time="0.0" classname="HRMS_ERP_UAT_TOUR_TEST.LoginAsCEO">
    <ignored/>
  </testcase> <!-- UAT_HRMS_TOUR_19 -->
  <testcase name="UAT_HRMS_TOUR_17" time="0.0" classname="HRMS_ERP_UAT_TOUR_TEST.LoginAsCEO">
    <ignored/>
  </testcase> <!-- UAT_HRMS_TOUR_17 -->
  <testcase name="UAT_HRMS_TOUR_20" time="0.0" classname="HRMS_ERP_UAT_TOUR_TEST.LoginAsCEO">
    <ignored/>
  </testcase> <!-- UAT_HRMS_TOUR_20 -->
  <testcase name="UAT_HRMS_TOUR_18" time="0.0" classname="HRMS_ERP_UAT_TOUR_TEST.LoginAsCEO">
    <ignored/>
  </testcase> <!-- UAT_HRMS_TOUR_18 -->
</testsuite> <!-- LOGIN AS TOUR CEO LOG EXPENSES -->
