<?xml version="1.0" encoding="UTF-8"?>
<!-- Generated by org.testng.reporters.JUnitXMLReporter -->
<testsuite hostname="DEV_DEL_DEEPAK" ignored="0" name="LOGIN AS CEO" tests="6" failures="0" timestamp="19 Dec 2018 10:01:29 GMT" time="314.258" errors="0">
  <testcase name="UAT_Finance_GM_13" time="10.192" classname="HRMS_ERP_UAT_GRANT_MANAGEMENT.LoginAsCEO"/>
  <testcase name="UAT_Finance_GM_14" time="33.956" classname="HRMS_ERP_UAT_GRANT_MANAGEMENT.LoginAsCEO"/>
  <testcase name="UAT_Finance_GM_15" time="39.177" classname="HRMS_ERP_UAT_GRANT_MANAGEMENT.LoginAsCEO"/>
  <testcase name="UAT_Finance_GM_16" time="62.137" classname="HRMS_ERP_UAT_GRANT_MANAGEMENT.LoginAsCEO"/>
  <testcase name="UAT_Finance_GM_18" time="54.129" classname="HRMS_ERP_UAT_GRANT_MANAGEMENT.LoginAsCEO"/>
  <testcase name="UAT_Finance_GM_17" time="67.781" classname="HRMS_ERP_UAT_GRANT_MANAGEMENT.LoginAsCEO"/>
</testsuite> <!-- LOGIN AS CEO -->
