<?xml version="1.0" encoding="UTF-8"?>
<!-- Generated by org.testng.reporters.JUnitXMLReporter -->
<testsuite hostname="DEV_DEL_DEEPAK" name="login as admin to check Category module" tests="8" failures="0" timestamp="27 Oct 2017 12:36:02 GMT" time="204.937" errors="0">
  <testcase name="verifyHRMSLoginPageHRMS_EMP_CT_CR_TC_01" time="7.294" classname="HRMS_ERP_Management_Script.HRMS_ERP_Configuration_Category_Module"/>
  <testcase name="verifyHRMSClickOnCategoryHRMS_EMP_CT_CR_TC_01_2" time="17.225" classname="HRMS_ERP_Management_Script.HRMS_ERP_Configuration_Category_Module"/>
  <testcase name="verifySaveFunctionaltyOnCategoryValidDataHRMS_EMP_CT_CR_TC_02" time="23.469" classname="HRMS_ERP_Management_Script.HRMS_ERP_Configuration_Category_Module"/>
  <testcase name="verifySaveFunctionaltyOnCategoryInvalidDataHRMS_EMP_CT_CR_TC_02_1" time="23.76" classname="HRMS_ERP_Management_Script.HRMS_ERP_Configuration_Category_Module"/>
  <testcase name="verifySaveFunctionaltyOnCategoryBlankDataHRMS_EMP_CT_CR_TC_02_2" time="23.229" classname="HRMS_ERP_Management_Script.HRMS_ERP_Configuration_Category_Module"/>
  <testcase name="verifyDiscardFunctionaltyOnCategoryHRMS_EMP_CT_CR_TC_03" time="17.152" classname="HRMS_ERP_Management_Script.HRMS_ERP_Configuration_Category_Module"/>
  <testcase name="verifyOkFunctionaltyOnCategoryHRMS_EMP_CT_CR_TC_03_1" time="17.582" classname="HRMS_ERP_Management_Script.HRMS_ERP_Configuration_Category_Module"/>
  <testcase name="verifyCancelFunctionaltyOnCategoryHRMS_EMP_CT_CR_TC_03_2" time="17.383" classname="HRMS_ERP_Management_Script.HRMS_ERP_Configuration_Category_Module"/>
</testsuite> <!-- login as admin to check Category module -->
