<?xml version="1.0" encoding="UTF-8"?>
<!-- Generated by org.testng.reporters.JUnitXMLReporter -->
<testsuite hostname="DEV_DEL_DEEPAK" name="login as admin to check Employee Group module" tests="8" failures="0" timestamp="27 Oct 2017 12:39:47 GMT" time="224.634" errors="0">
  <testcase name="verifyHRMSLoginPageHRMS_EMP_EGP_CR_TC_01" time="7.549" classname="HRMS_ERP_Management_Script.HRMS_ERP_Configuration_Employee_Group_Module"/>
  <testcase name="verifyHRMSClickOnEmployeeGroupHRMS_EMP_EGP_CR_TC_01_2" time="17.214" classname="HRMS_ERP_Management_Script.HRMS_ERP_Configuration_Employee_Group_Module"/>
  <testcase name="verifySaveFunctionaltyOnEmployeeGroupValidDataHRMS_EMP_EGP_CR_TC_02" time="26.591" classname="HRMS_ERP_Management_Script.HRMS_ERP_Configuration_Employee_Group_Module"/>
  <testcase name="verifySaveFunctionaltyOnEmployeeGroupInvalidDataHRMS_EMP_EGP_CR_TC_02_1" time="26.413" classname="HRMS_ERP_Management_Script.HRMS_ERP_Configuration_Employee_Group_Module"/>
  <testcase name="verifySaveFunctionaltyOnEmployeeGroupBlankDataHRMS_EMP_EGP_CR_TC_02_2" time="23.203" classname="HRMS_ERP_Management_Script.HRMS_ERP_Configuration_Employee_Group_Module"/>
  <testcase name="verifyDiscardFunctionaltyOnEmployeeGroupHRMS_EMP_EGP_CR_TC_03" time="17.322" classname="HRMS_ERP_Management_Script.HRMS_ERP_Configuration_Employee_Group_Module"/>
  <testcase name="verifyOkFunctionaltyOnEmployeeGroupHRMS_EMP_EGP_CR_TC_03_1" time="23.591" classname="HRMS_ERP_Management_Script.HRMS_ERP_Configuration_Employee_Group_Module"/>
  <testcase name="verifyCancelFunctionaltyOnEmployeeGroupHRMS_EMP_EGP_CR_TC_03_2" time="23.464" classname="HRMS_ERP_Management_Script.HRMS_ERP_Configuration_Employee_Group_Module"/>
</testsuite> <!-- login as admin to check Employee Group module -->
