<?xml version="1.0" encoding="UTF-8"?>
<!-- Generated by org.testng.reporters.JUnitXMLReporter -->
<testsuite hostname="DEV_DEL_DEEPAK" name="login as admin to check Investment Master module" tests="8" failures="0" timestamp="27 Oct 2017 12:43:19 GMT" time="212.089" errors="0">
  <testcase name="verifyHRMSLoginPageHRMS_EMP_IM_CR_TC_01" time="7.477" classname="HRMS_ERP_Management_Script.HRMS_ERP_Configuration_Investment_Master_Module"/>
  <testcase name="verifyHRMSClickOnInvestmentMasterHRMS_EMP_IM_CR_TC_01_2" time="17.263" classname="HRMS_ERP_Management_Script.HRMS_ERP_Configuration_Investment_Master_Module"/>
  <testcase name="verifySaveFunctionalityOnInvestmentMasterValidDataHRMS_EMP_IM_CR_TC_02" time="24.231" classname="HRMS_ERP_Management_Script.HRMS_ERP_Configuration_Investment_Master_Module"/>
  <testcase name="verifySaveFunctionalityOnInvestmentBlankDataHRMS_EMP_IM_CR_TC_02_1" time="23.508" classname="HRMS_ERP_Management_Script.HRMS_ERP_Configuration_Investment_Master_Module"/>
  <testcase name="verifySaveFunctionalityOnDescriptionBlankDataHRMS_EMP_IM_CR_TC_02_2" time="24.415" classname="HRMS_ERP_Management_Script.HRMS_ERP_Configuration_Investment_Master_Module"/>
  <testcase name="verifyDiscardFunctionalityOnInvestmentMasterHRMS_EMP_IM_CR_TC_03" time="17.079" classname="HRMS_ERP_Management_Script.HRMS_ERP_Configuration_Investment_Master_Module"/>
  <testcase name="verifyOkFunctionalityOnInvestmentMasterHRMS_EMP_IM_CR_TC_03_1" time="18.667" classname="HRMS_ERP_Management_Script.HRMS_ERP_Configuration_Investment_Master_Module"/>
  <testcase name="verifyCancelFunctionalityOnInvestmentMasterHRMS_EMP_IM_CR_TC_03_2" time="17.898" classname="HRMS_ERP_Management_Script.HRMS_ERP_Configuration_Investment_Master_Module"/>
</testsuite> <!-- login as admin to check Investment Master module -->
