<?xml version="1.0" encoding="UTF-8"?>
<!-- Generated by org.testng.reporters.JUnitXMLReporter -->
<testsuite hostname="DEV_DEL_DEEPAK" ignored="0" name="LOGIN AS WO CEO Officer" tests="5" failures="0" timestamp="12 Dec 2018 11:04:48 GMT" time="236.567" errors="0">
  <testcase name="UAT_Finance_WO_14" time="10.287" classname="HRMS_ERP_UAT_WORK_ORDER.LoginAsCEO"/>
  <testcase name="UAT_Finance_WO_15" time="32.534" classname="HRMS_ERP_UAT_WORK_ORDER.LoginAsCEO"/>
  <testcase name="UAT_Finance_WO_17" time="47.409" classname="HRMS_ERP_UAT_WORK_ORDER.LoginAsCEO"/>
  <testcase name="UAT_Finance_WO_18" time="47.596" classname="HRMS_ERP_UAT_WORK_ORDER.LoginAsCEO"/>
  <testcase name="UAT_Finance_WO_16" time="63.662" classname="HRMS_ERP_UAT_WORK_ORDER.LoginAsCEO"/>
</testsuite> <!-- LOGIN AS WO CEO Officer -->
