<?xml version="1.0" encoding="UTF-8"?>
<!-- Generated by org.testng.reporters.JUnitXMLReporter -->
<testsuite hostname="DEV_DEL_DEEPAK" ignored="9" name="LOGIN AS AA HOD" tests="5" failures="0" timestamp="07 Dec 2018 10:29:42 GMT" time="233.313" errors="0">
  <testcase name="UAT_Finance_AA_35" time="10.28" classname="HRMS_ERP_UAT_TECHNICAL_SECTION.LoginAsHOD"/>
  <testcase name="UAT_Finance_AA_36" time="32.382" classname="HRMS_ERP_UAT_TECHNICAL_SECTION.LoginAsHOD"/>
  <testcase name="UAT_Finance_AA_37" time="35.656" classname="HRMS_ERP_UAT_TECHNICAL_SECTION.LoginAsHOD"/>
  <testcase name="UAT_Finance_AA_38" time="55.564" classname="HRMS_ERP_UAT_TECHNICAL_SECTION.LoginAsHOD"/>
  <testcase name="UAT_Finance_AA_39" time="61.317" classname="HRMS_ERP_UAT_TECHNICAL_SECTION.LoginAsHOD"/>
  <testcase name="UAT_Finance_AA_30" time="0.0" classname="HRMS_ERP_UAT_TECHNICAL_SECTION.LoginAsHOD">
    <ignored/>
  </testcase> <!-- UAT_Finance_AA_30 -->
  <testcase name="UAT_Finance_AA_29" time="0.0" classname="HRMS_ERP_UAT_TECHNICAL_SECTION.LoginAsHOD">
    <ignored/>
  </testcase> <!-- UAT_Finance_AA_29 -->
  <testcase name="UAT_Finance_AA_28" time="0.0" classname="HRMS_ERP_UAT_TECHNICAL_SECTION.LoginAsHOD">
    <ignored/>
  </testcase> <!-- UAT_Finance_AA_28 -->
  <testcase name="UAT_Finance_AA_27" time="0.0" classname="HRMS_ERP_UAT_TECHNICAL_SECTION.LoginAsHOD">
    <ignored/>
  </testcase> <!-- UAT_Finance_AA_27 -->
  <testcase name="UAT_Finance_AA_26" time="0.0" classname="HRMS_ERP_UAT_TECHNICAL_SECTION.LoginAsHOD">
    <ignored/>
  </testcase> <!-- UAT_Finance_AA_26 -->
  <testcase name="UAT_Finance_AA_34" time="0.0" classname="HRMS_ERP_UAT_TECHNICAL_SECTION.LoginAsHOD">
    <ignored/>
  </testcase> <!-- UAT_Finance_AA_34 -->
  <testcase name="UAT_Finance_AA_33" time="0.0" classname="HRMS_ERP_UAT_TECHNICAL_SECTION.LoginAsHOD">
    <ignored/>
  </testcase> <!-- UAT_Finance_AA_33 -->
  <testcase name="UAT_Finance_AA_32" time="0.0" classname="HRMS_ERP_UAT_TECHNICAL_SECTION.LoginAsHOD">
    <ignored/>
  </testcase> <!-- UAT_Finance_AA_32 -->
  <testcase name="UAT_Finance_AA_31" time="0.0" classname="HRMS_ERP_UAT_TECHNICAL_SECTION.LoginAsHOD">
    <ignored/>
  </testcase> <!-- UAT_Finance_AA_31 -->
</testsuite> <!-- LOGIN AS AA HOD -->
