<?xml version="1.0" encoding="UTF-8"?>
<!-- Generated by org.testng.reporters.JUnitXMLReporter -->
<testsuite hostname="DEV_DEL_DEEPAK" ignored="0" name="LOGIN AS VRS CEO" tests="4" failures="0" timestamp="16 Nov 2018 05:06:29 GMT" time="375.351" errors="0">
  <testcase name="UAT_HRMS_VRS_20" time="10.231" classname="HRMS_ERP_UAT_VRS_TEST.LoginAsCEO"/>
  <testcase name="UAT_HRMS_VRS_21" time="38.046" classname="HRMS_ERP_UAT_VRS_TEST.LoginAsCEO"/>
  <testcase name="UAT_HRMS_VRS_22" time="140.133" classname="HRMS_ERP_UAT_VRS_TEST.LoginAsCEO"/>
  <testcase name="UAT_HRMS_VRS_23" time="153.65" classname="HRMS_ERP_UAT_VRS_TEST.LoginAsCEO"/>
</testsuite> <!-- LOGIN AS VRS CEO -->
