<?xml version="1.0" encoding="UTF-8"?>
<!-- Generated by org.testng.reporters.JUnitXMLReporter -->
<testsuite hostname="DEV_DEL_DEEPAK" name="login as Admin to check Performance appraisal module" tests="5" failures="0" timestamp="17 Nov 2017 12:34:39 GMT" time="200.204" errors="0">
  <testcase name="verifyHRMSLoginPageHRMS_Admin_Appraisal_SC_01_TC_01" time="9.391" classname="HRMS_ERP_PERFORMANCE_APPRAISAL_SCRIPT.HRMS_ERP_Performance_Appraisal_Admin_Module"/>
  <testcase name="verifyHRMSCreateAppraisalInitiatorHRMS_Admin_Appraisal_SC_02_TC_01" time="10.993" classname="HRMS_ERP_PERFORMANCE_APPRAISAL_SCRIPT.HRMS_ERP_Performance_Appraisal_Admin_Module"/>
  <testcase name="verifyHRMSSaveFunWithValidDataHRMS_Admin_Appraisal_SC_03_TC_01" time="56.096" classname="HRMS_ERP_PERFORMANCE_APPRAISAL_SCRIPT.HRMS_ERP_Performance_Appraisal_Admin_Module"/>
  <testcase name="verifyHRMSSaveFunWithInValidDataHRMS_Admin_Appraisal_SC_03_TC_02" time="43.163" classname="HRMS_ERP_PERFORMANCE_APPRAISAL_SCRIPT.HRMS_ERP_Performance_Appraisal_Admin_Module"/>
  <testcase name="verifyHRMSDiscardFunWithInValidDataHRMS_Admin_Appraisal_SC_04_TC_01" time="44.208" classname="HRMS_ERP_PERFORMANCE_APPRAISAL_SCRIPT.HRMS_ERP_Performance_Appraisal_Admin_Module"/>
</testsuite> <!-- login as Admin to check Performance appraisal module -->
