<?xml version="1.0" encoding="UTF-8"?>
<!-- Generated by org.testng.reporters.JUnitXMLReporter -->
<testsuite hostname="DEV_DEL_DEEPAK" ignored="0" name="LOGIN AS AA BOD" tests="4" failures="0" timestamp="07 Dec 2018 06:37:27 GMT" time="72.487" errors="0">
  <testcase name="UAT_Finance_AA_22" time="10.263" classname="HRMS_ERP_UAT_ADMINISTRATIVE_APPROVAL_ALLOCATION.LoginAsBOD"/>
  <testcase name="UAT_Finance_AA_23" time="10.33" classname="HRMS_ERP_UAT_ADMINISTRATIVE_APPROVAL_ALLOCATION.LoginAsBOD"/>
  <testcase name="UAT_Finance_AA_24" time="10.191" classname="HRMS_ERP_UAT_ADMINISTRATIVE_APPROVAL_ALLOCATION.LoginAsBOD"/>
  <testcase name="UAT_Finance_AA_25" time="10.211" classname="HRMS_ERP_UAT_ADMINISTRATIVE_APPROVAL_ALLOCATION.LoginAsBOD"/>
</testsuite> <!-- LOGIN AS AA BOD -->
