<?xml version="1.0" encoding="UTF-8"?>
<!-- Generated by org.testng.reporters.JUnitXMLReporter -->
<testsuite hostname="DEV_DEL_DEEPAK" name="login as Rater to check Performance appraisal module" tests="1" failures="0" timestamp="16 Nov 2017 09:23:20 GMT" time="19.606" errors="0">
  <testcase name="verifySubmitRatingFuncDataHRMS_Rater_Appraisal_SC_14_TC_01" time="12.992" classname="HRMS_ERP_PERFORMANCE_APPRAISAL_SCRIPT.HRMS_ERP_Performance_Appraisal_Rater_Module"/>
</testsuite> <!-- login as Rater to check Performance appraisal module -->
