<?xml version="1.0" encoding="UTF-8"?>
<!-- Generated by org.testng.reporters.JUnitXMLReporter -->
<testsuite hostname="DEV_DEL_DEEPAK" name="login as Reviewer to check Performance appraisal module" tests="1" failures="0" timestamp="16 Nov 2017 12:46:32 GMT" time="18.349" errors="0">
  <testcase name="verifySubmitReviewHRMS_Reviewer_Appraisal_SC_20_TC_01" time="12.145" classname="HRMS_ERP_PERFORMANCE_APPRAISAL_SCRIPT.HRMS_ERP_Performance_Appraisal_Reviewer_Module"/>
</testsuite> <!-- login as Reviewer to check Performance appraisal module -->
