<?xml version="1.0" encoding="UTF-8"?>
<!-- Generated by org.testng.reporters.JUnitXMLReporter -->
<testsuite hostname="DEV_DEL_DEEPAK" ignored="0" name="LOGIN AS TOUR HR" tests="4" failures="0" timestamp="26 Nov 2018 10:50:23 GMT" time="213.581" errors="0">
  <testcase name="UAT_HRMS_TOUR_13" time="10.228" classname="HRMS_ERP_UAT_TOUR_TEST.LoginAsHRManager"/>
  <testcase name="UAT_HRMS_TOUR_14" time="42.594" classname="HRMS_ERP_UAT_TOUR_TEST.LoginAsHRManager"/>
  <testcase name="UAT_HRMS_TOUR_15" time="57.923" classname="HRMS_ERP_UAT_TOUR_TEST.LoginAsHRManager"/>
  <testcase name="UAT_HRMS_TOUR_16" time="76.675" classname="HRMS_ERP_UAT_TOUR_TEST.LoginAsHRManager"/>
</testsuite> <!-- LOGIN AS TOUR HR -->
