<?xml version="1.0" encoding="UTF-8"?>
<!-- Generated by org.testng.reporters.JUnitXMLReporter -->
<testsuite hostname="DEV_DEL_DEEPAK" ignored="6" name="LOGIN AS VRS EMPLOYEE STATUS" tests="3" failures="0" timestamp="21 Nov 2018 06:47:37 GMT" time="229.356" errors="0">
  <testcase name="UAT_HRMS_VRS_24" time="11.187" classname="HRMS_ERP_UAT_VRS_TEST.LoginAsEmployee"/>
  <testcase name="UAT_HRMS_VRS_25" time="97.207" classname="HRMS_ERP_UAT_VRS_TEST.LoginAsEmployee"/>
  <testcase name="UAT_HRMS_VRS_26" time="97.761" classname="HRMS_ERP_UAT_VRS_TEST.LoginAsEmployee"/>
  <testcase name="UAT_HRMS_VRS_6" time="0.0" classname="HRMS_ERP_UAT_VRS_TEST.LoginAsEmployee">
    <ignored/>
  </testcase> <!-- UAT_HRMS_VRS_6 -->
  <testcase name="UAT_HRMS_VRS_5" time="0.0" classname="HRMS_ERP_UAT_VRS_TEST.LoginAsEmployee">
    <ignored/>
  </testcase> <!-- UAT_HRMS_VRS_5 -->
  <testcase name="UAT_HRMS_VRS_4" time="0.0" classname="HRMS_ERP_UAT_VRS_TEST.LoginAsEmployee">
    <ignored/>
  </testcase> <!-- UAT_HRMS_VRS_4 -->
  <testcase name="UAT_HRMS_VRS_3" time="0.0" classname="HRMS_ERP_UAT_VRS_TEST.LoginAsEmployee">
    <ignored/>
  </testcase> <!-- UAT_HRMS_VRS_3 -->
  <testcase name="UAT_HRMS_VRS_2" time="0.0" classname="HRMS_ERP_UAT_VRS_TEST.LoginAsEmployee">
    <ignored/>
  </testcase> <!-- UAT_HRMS_VRS_2 -->
  <testcase name="UAT_HRMS_VRS_1" time="0.0" classname="HRMS_ERP_UAT_VRS_TEST.LoginAsEmployee">
    <ignored/>
  </testcase> <!-- UAT_HRMS_VRS_1 -->
</testsuite> <!-- LOGIN AS VRS EMPLOYEE STATUS -->
