<?xml version="1.0" encoding="UTF-8"?>
<!-- Generated by org.testng.reporters.JUnitXMLReporter -->
<testsuite hostname="DEV_DEL_DEEPAK" ignored="0" name="LOGIN AS PAYROLL EMPLOYEE" tests="4" failures="0" timestamp="22 Nov 2018 06:11:30 GMT" time="119.33" errors="0">
  <testcase name="UAT_HRMS_PAY_11" time="4.213" classname="HRMS_ERP_UAT_PAYROLL_TEST.LoginAsEmployee"/>
  <testcase name="UAT_HRMS_PAY_12" time="25.678" classname="HRMS_ERP_UAT_PAYROLL_TEST.LoginAsEmployee"/>
  <testcase name="UAT_HRMS_PAY_13" time="27.534" classname="HRMS_ERP_UAT_PAYROLL_TEST.LoginAsEmployee"/>
  <testcase name="UAT_HRMS_PAY_14" time="36.463" classname="HRMS_ERP_UAT_PAYROLL_TEST.LoginAsEmployee"/>
</testsuite> <!-- LOGIN AS PAYROLL EMPLOYEE -->
