<?xml version="1.0" encoding="UTF-8"?>
<!-- Generated by org.testng.reporters.JUnitXMLReporter -->
<testsuite hostname="DEV_DEL_DEEPAK" ignored="2" name="LOGIN AS TOUR FM" tests="1" failures="0" timestamp="29 Nov 2018 06:31:44 GMT" time="56.068" errors="0">
  <testcase name="UAT_Finance_BA_03" time="44.217" classname="HRMS_ERP_UAT_BUDGET_ALLOCATION.LoginAsFM"/>
  <testcase name="UAT_Finance_BA_02" time="0.0" classname="HRMS_ERP_UAT_BUDGET_ALLOCATION.LoginAsFM">
    <ignored/>
  </testcase> <!-- UAT_Finance_BA_02 -->
  <testcase name="UAT_Finance_BA_01" time="0.0" classname="HRMS_ERP_UAT_BUDGET_ALLOCATION.LoginAsFM">
    <ignored/>
  </testcase> <!-- UAT_Finance_BA_01 -->
</testsuite> <!-- LOGIN AS TOUR FM -->
