<?xml version="1.0" encoding="UTF-8"?>
<!-- Generated by org.testng.reporters.JUnitXMLReporter -->
<testsuite hostname="DEV_DEL_DEEPAK" name="Default test" tests="5" failures="0" timestamp="3 Oct 2018 15:14:03 GMT" time="0.042" errors="0">
  <testcase name="flightBooking" time="0.004" classname="testFiles.Annotations"/>
  <testcase name="openBrowser" time="0.002" classname="testFiles.Annotations"/>
  <testcase name="openBrowser" time="0.002" classname="testFiles.DependencyAnnot"/>
  <testcase name="timeRelated" time="0.006" classname="testFiles.DependencyAnnot"/>
  <testcase name="flightBooking" time="0.003" classname="testFiles.DependencyAnnot"/>
</testsuite> <!-- Default test -->
