<?xml version="1.0" encoding="UTF-8"?>
<!-- Generated by org.testng.reporters.JUnitXMLReporter -->
<testsuite hostname="DEV_DEL_DEEPAK" ignored="4" name="LOGIN AS VRS EMPLOYEE" tests="1" failures="0" timestamp="01 Nov 2018 06:10:59 GMT" time="20.818" errors="0">
  <testcase name="UAT_HRMS_VRS_6" time="12.4" classname="HRMS_ERP_UAT_VRS_TEST.LoginAsEmployee"/>
  <testcase name="UAT_HRMS_VRS_4" time="0.0" classname="HRMS_ERP_UAT_VRS_TEST.LoginAsEmployee">
    <ignored/>
  </testcase> <!-- UAT_HRMS_VRS_4 -->
  <testcase name="UAT_HRMS_VRS_3" time="0.0" classname="HRMS_ERP_UAT_VRS_TEST.LoginAsEmployee">
    <ignored/>
  </testcase> <!-- UAT_HRMS_VRS_3 -->
  <testcase name="UAT_HRMS_VRS_2" time="0.0" classname="HRMS_ERP_UAT_VRS_TEST.LoginAsEmployee">
    <ignored/>
  </testcase> <!-- UAT_HRMS_VRS_2 -->
  <testcase name="UAT_HRMS_VRS_1" time="0.0" classname="HRMS_ERP_UAT_VRS_TEST.LoginAsEmployee">
    <ignored/>
  </testcase> <!-- UAT_HRMS_VRS_1 -->
</testsuite> <!-- LOGIN AS VRS EMPLOYEE -->
